[main] DEBUG freemarker.cache  - Couldn't find template in cache for "Extent.ftl"("en_IN", UTF-8, parsed); will try to load it.
[main] DEBUG freemarker.cache  - TemplateLoader.findTemplateSource("Extent_en_IN.ftl"): Not found
[main] DEBUG freemarker.cache  - TemplateLoader.findTemplateSource("Extent_en.ftl"): Not found
[main] DEBUG freemarker.cache  - TemplateLoader.findTemplateSource("Extent.ftl"): Found
[main] DEBUG freemarker.cache  - Loading template for "Extent.ftl"("en_IN", UTF-8, parsed) from "jar:file:/C:/Users/sagar.sonar/.m2/repository/com/relevantcodes/extentreports/2.41.2/extentreports-2.41.2.jar!/com/relevantcodes/extentreports/view/Extent.ftl"
[main] DEBUG freemarker.cache  - Couldn't find template in cache for "Extent.ftl"("en_IN", UTF-8, parsed); will try to load it.
[main] DEBUG freemarker.cache  - TemplateLoader.findTemplateSource("Extent_en_IN.ftl"): Not found
[main] DEBUG freemarker.cache  - TemplateLoader.findTemplateSource("Extent_en.ftl"): Not found
[main] DEBUG freemarker.cache  - TemplateLoader.findTemplateSource("Extent.ftl"): Found
[main] DEBUG freemarker.cache  - Loading template for "Extent.ftl"("en_IN", UTF-8, parsed) from "jar:file:/C:/Users/sagar.sonar/.m2/repository/com/relevantcodes/extentreports/2.41.2/extentreports-2.41.2.jar!/com/relevantcodes/extentreports/view/Extent.ftl"
[main] DEBUG freemarker.cache  - Couldn't find template in cache for "Extent.ftl"("en_IN", UTF-8, parsed); will try to load it.
[main] DEBUG freemarker.cache  - TemplateLoader.findTemplateSource("Extent_en_IN.ftl"): Not found
[main] DEBUG freemarker.cache  - TemplateLoader.findTemplateSource("Extent_en.ftl"): Not found
[main] DEBUG freemarker.cache  - TemplateLoader.findTemplateSource("Extent.ftl"): Found
[main] DEBUG freemarker.cache  - Loading template for "Extent.ftl"("en_IN", UTF-8, parsed) from "jar:file:/C:/Users/sagar.sonar/.m2/repository/com/relevantcodes/extentreports/2.41.2/extentreports-2.41.2.jar!/com/relevantcodes/extentreports/view/Extent.ftl"
[main] DEBUG freemarker.cache  - Couldn't find template in cache for "Extent.ftl"("en_IN", UTF-8, parsed); will try to load it.
[main] DEBUG freemarker.cache  - TemplateLoader.findTemplateSource("Extent_en_IN.ftl"): Not found
[main] DEBUG freemarker.cache  - TemplateLoader.findTemplateSource("Extent_en.ftl"): Not found
[main] DEBUG freemarker.cache  - TemplateLoader.findTemplateSource("Extent.ftl"): Found
[main] DEBUG freemarker.cache  - Loading template for "Extent.ftl"("en_IN", UTF-8, parsed) from "jar:file:/C:/Users/sagar.sonar/.m2/repository/com/relevantcodes/extentreports/2.41.2/extentreports-2.41.2.jar!/com/relevantcodes/extentreports/view/Extent.ftl"
[main] DEBUG freemarker.cache  - Couldn't find template in cache for "Extent.ftl"("en_IN", UTF-8, parsed); will try to load it.
[main] DEBUG freemarker.cache  - TemplateLoader.findTemplateSource("Extent_en_IN.ftl"): Not found
[main] DEBUG freemarker.cache  - TemplateLoader.findTemplateSource("Extent_en.ftl"): Not found
[main] DEBUG freemarker.cache  - TemplateLoader.findTemplateSource("Extent.ftl"): Found
[main] DEBUG freemarker.cache  - Loading template for "Extent.ftl"("en_IN", UTF-8, parsed) from "jar:file:/C:/Users/sagar.sonar/.m2/repository/com/relevantcodes/extentreports/2.41.2/extentreports-2.41.2.jar!/com/relevantcodes/extentreports/view/Extent.ftl"
[main] DEBUG freemarker.cache  - Couldn't find template in cache for "Extent.ftl"("en_IN", UTF-8, parsed); will try to load it.
[main] DEBUG freemarker.cache  - TemplateLoader.findTemplateSource("Extent_en_IN.ftl"): Not found
[main] DEBUG freemarker.cache  - TemplateLoader.findTemplateSource("Extent_en.ftl"): Not found
[main] DEBUG freemarker.cache  - TemplateLoader.findTemplateSource("Extent.ftl"): Found
[main] DEBUG freemarker.cache  - Loading template for "Extent.ftl"("en_IN", UTF-8, parsed) from "jar:file:/C:/Users/sagar.sonar/.m2/repository/com/relevantcodes/extentreports/2.41.2/extentreports-2.41.2.jar!/com/relevantcodes/extentreports/view/Extent.ftl"
[main] DEBUG freemarker.cache  - Couldn't find template in cache for "Extent.ftl"("en_IN", UTF-8, parsed); will try to load it.
[main] DEBUG freemarker.cache  - TemplateLoader.findTemplateSource("Extent_en_IN.ftl"): Not found
[main] DEBUG freemarker.cache  - TemplateLoader.findTemplateSource("Extent_en.ftl"): Not found
[main] DEBUG freemarker.cache  - TemplateLoader.findTemplateSource("Extent.ftl"): Found
[main] DEBUG freemarker.cache  - Loading template for "Extent.ftl"("en_IN", UTF-8, parsed) from "jar:file:/C:/Users/sagar.sonar/.m2/repository/com/relevantcodes/extentreports/2.41.2/extentreports-2.41.2.jar!/com/relevantcodes/extentreports/view/Extent.ftl"
[main] DEBUG freemarker.cache  - Couldn't find template in cache for "Extent.ftl"("en_IN", UTF-8, parsed); will try to load it.
[main] DEBUG freemarker.cache  - TemplateLoader.findTemplateSource("Extent_en_IN.ftl"): Not found
[main] DEBUG freemarker.cache  - TemplateLoader.findTemplateSource("Extent_en.ftl"): Not found
[main] DEBUG freemarker.cache  - TemplateLoader.findTemplateSource("Extent.ftl"): Found
[main] DEBUG freemarker.cache  - Loading template for "Extent.ftl"("en_IN", UTF-8, parsed) from "jar:file:/C:/Users/sagar.sonar/.m2/repository/com/relevantcodes/extentreports/2.41.2/extentreports-2.41.2.jar!/com/relevantcodes/extentreports/view/Extent.ftl"
[main] DEBUG freemarker.cache  - Couldn't find template in cache for "Extent.ftl"("en_IN", UTF-8, parsed); will try to load it.
[main] DEBUG freemarker.cache  - TemplateLoader.findTemplateSource("Extent_en_IN.ftl"): Not found
[main] DEBUG freemarker.cache  - TemplateLoader.findTemplateSource("Extent_en.ftl"): Not found
[main] DEBUG freemarker.cache  - TemplateLoader.findTemplateSource("Extent.ftl"): Found
[main] DEBUG freemarker.cache  - Loading template for "Extent.ftl"("en_IN", UTF-8, parsed) from "jar:file:/C:/Users/sagar.sonar/.m2/repository/com/relevantcodes/extentreports/2.41.2/extentreports-2.41.2.jar!/com/relevantcodes/extentreports/view/Extent.ftl"
[main] DEBUG freemarker.cache  - Couldn't find template in cache for "Extent.ftl"("en_IN", UTF-8, parsed); will try to load it.
[main] DEBUG freemarker.cache  - TemplateLoader.findTemplateSource("Extent_en_IN.ftl"): Not found
[main] DEBUG freemarker.cache  - TemplateLoader.findTemplateSource("Extent_en.ftl"): Not found
[main] DEBUG freemarker.cache  - TemplateLoader.findTemplateSource("Extent.ftl"): Found
[main] DEBUG freemarker.cache  - Loading template for "Extent.ftl"("en_IN", UTF-8, parsed) from "jar:file:/C:/Users/sagar.sonar/.m2/repository/com/relevantcodes/extentreports/2.41.2/extentreports-2.41.2.jar!/com/relevantcodes/extentreports/view/Extent.ftl"
[main] DEBUG freemarker.cache  - Couldn't find template in cache for "Extent.ftl"("en_IN", UTF-8, parsed); will try to load it.
[main] DEBUG freemarker.cache  - TemplateLoader.findTemplateSource("Extent_en_IN.ftl"): Not found
[main] DEBUG freemarker.cache  - TemplateLoader.findTemplateSource("Extent_en.ftl"): Not found
[main] DEBUG freemarker.cache  - TemplateLoader.findTemplateSource("Extent.ftl"): Found
[main] DEBUG freemarker.cache  - Loading template for "Extent.ftl"("en_IN", UTF-8, parsed) from "jar:file:/C:/Users/sagar.sonar/.m2/repository/com/relevantcodes/extentreports/2.41.2/extentreports-2.41.2.jar!/com/relevantcodes/extentreports/view/Extent.ftl"
[main] DEBUG freemarker.cache  - Couldn't find template in cache for "Extent.ftl"("en_IN", UTF-8, parsed); will try to load it.
[main] DEBUG freemarker.cache  - TemplateLoader.findTemplateSource("Extent_en_IN.ftl"): Not found
[main] DEBUG freemarker.cache  - TemplateLoader.findTemplateSource("Extent_en.ftl"): Not found
[main] DEBUG freemarker.cache  - TemplateLoader.findTemplateSource("Extent.ftl"): Found
[main] DEBUG freemarker.cache  - Loading template for "Extent.ftl"("en_IN", UTF-8, parsed) from "jar:file:/C:/Users/sagar.sonar/.m2/repository/com/relevantcodes/extentreports/2.41.2/extentreports-2.41.2.jar!/com/relevantcodes/extentreports/view/Extent.ftl"
[main] DEBUG freemarker.cache  - Couldn't find template in cache for "Extent.ftl"("en_IN", UTF-8, parsed); will try to load it.
[main] DEBUG freemarker.cache  - TemplateLoader.findTemplateSource("Extent_en_IN.ftl"): Not found
[main] DEBUG freemarker.cache  - TemplateLoader.findTemplateSource("Extent_en.ftl"): Not found
[main] DEBUG freemarker.cache  - TemplateLoader.findTemplateSource("Extent.ftl"): Found
[main] DEBUG freemarker.cache  - Loading template for "Extent.ftl"("en_IN", UTF-8, parsed) from "jar:file:/C:/Users/sagar.sonar/.m2/repository/com/relevantcodes/extentreports/2.41.2/extentreports-2.41.2.jar!/com/relevantcodes/extentreports/view/Extent.ftl"
[main] DEBUG freemarker.cache  - Couldn't find template in cache for "Extent.ftl"("en_IN", UTF-8, parsed); will try to load it.
[main] DEBUG freemarker.cache  - TemplateLoader.findTemplateSource("Extent_en_IN.ftl"): Not found
[main] DEBUG freemarker.cache  - TemplateLoader.findTemplateSource("Extent_en.ftl"): Not found
[main] DEBUG freemarker.cache  - TemplateLoader.findTemplateSource("Extent.ftl"): Found
[main] DEBUG freemarker.cache  - Loading template for "Extent.ftl"("en_IN", UTF-8, parsed) from "jar:file:/C:/Users/sagar.sonar/.m2/repository/com/relevantcodes/extentreports/2.41.2/extentreports-2.41.2.jar!/com/relevantcodes/extentreports/view/Extent.ftl"
[main] DEBUG freemarker.cache  - Couldn't find template in cache for "Extent.ftl"("en_IN", UTF-8, parsed); will try to load it.
[main] DEBUG freemarker.cache  - TemplateLoader.findTemplateSource("Extent_en_IN.ftl"): Not found
[main] DEBUG freemarker.cache  - TemplateLoader.findTemplateSource("Extent_en.ftl"): Not found
[main] DEBUG freemarker.cache  - TemplateLoader.findTemplateSource("Extent.ftl"): Found
[main] DEBUG freemarker.cache  - Loading template for "Extent.ftl"("en_IN", UTF-8, parsed) from "jar:file:/C:/Users/sagar.sonar/.m2/repository/com/relevantcodes/extentreports/2.41.2/extentreports-2.41.2.jar!/com/relevantcodes/extentreports/view/Extent.ftl"
[main] DEBUG freemarker.cache  - Couldn't find template in cache for "Extent.ftl"("en_IN", UTF-8, parsed); will try to load it.
[main] DEBUG freemarker.cache  - TemplateLoader.findTemplateSource("Extent_en_IN.ftl"): Not found
[main] DEBUG freemarker.cache  - TemplateLoader.findTemplateSource("Extent_en.ftl"): Not found
[main] DEBUG freemarker.cache  - TemplateLoader.findTemplateSource("Extent.ftl"): Found
[main] DEBUG freemarker.cache  - Loading template for "Extent.ftl"("en_IN", UTF-8, parsed) from "jar:file:/C:/Users/sagar.sonar/.m2/repository/com/relevantcodes/extentreports/2.41.2/extentreports-2.41.2.jar!/com/relevantcodes/extentreports/view/Extent.ftl"
[main] DEBUG freemarker.cache  - Couldn't find template in cache for "Extent.ftl"("en_IN", UTF-8, parsed); will try to load it.
[main] DEBUG freemarker.cache  - TemplateLoader.findTemplateSource("Extent_en_IN.ftl"): Not found
[main] DEBUG freemarker.cache  - TemplateLoader.findTemplateSource("Extent_en.ftl"): Not found
[main] DEBUG freemarker.cache  - TemplateLoader.findTemplateSource("Extent.ftl"): Found
[main] DEBUG freemarker.cache  - Loading template for "Extent.ftl"("en_IN", UTF-8, parsed) from "jar:file:/C:/Users/sagar.sonar/.m2/repository/com/relevantcodes/extentreports/2.41.2/extentreports-2.41.2.jar!/com/relevantcodes/extentreports/view/Extent.ftl"
[main] DEBUG freemarker.cache  - Couldn't find template in cache for "Extent.ftl"("en_IN", UTF-8, parsed); will try to load it.
[main] DEBUG freemarker.cache  - TemplateLoader.findTemplateSource("Extent_en_IN.ftl"): Not found
[main] DEBUG freemarker.cache  - TemplateLoader.findTemplateSource("Extent_en.ftl"): Not found
[main] DEBUG freemarker.cache  - TemplateLoader.findTemplateSource("Extent.ftl"): Found
[main] DEBUG freemarker.cache  - Loading template for "Extent.ftl"("en_IN", UTF-8, parsed) from "jar:file:/C:/Users/sagar.sonar/.m2/repository/com/relevantcodes/extentreports/2.41.2/extentreports-2.41.2.jar!/com/relevantcodes/extentreports/view/Extent.ftl"
[main] DEBUG freemarker.cache  - Couldn't find template in cache for "Extent.ftl"("en_IN", UTF-8, parsed); will try to load it.
[main] DEBUG freemarker.cache  - TemplateLoader.findTemplateSource("Extent_en_IN.ftl"): Not found
[main] DEBUG freemarker.cache  - TemplateLoader.findTemplateSource("Extent_en.ftl"): Not found
[main] DEBUG freemarker.cache  - TemplateLoader.findTemplateSource("Extent.ftl"): Found
[main] DEBUG freemarker.cache  - Loading template for "Extent.ftl"("en_IN", UTF-8, parsed) from "jar:file:/C:/Users/sagar.sonar/.m2/repository/com/relevantcodes/extentreports/2.41.2/extentreports-2.41.2.jar!/com/relevantcodes/extentreports/view/Extent.ftl"
[main] DEBUG freemarker.cache  - Couldn't find template in cache for "Extent.ftl"("en_IN", UTF-8, parsed); will try to load it.
[main] DEBUG freemarker.cache  - TemplateLoader.findTemplateSource("Extent_en_IN.ftl"): Not found
[main] DEBUG freemarker.cache  - TemplateLoader.findTemplateSource("Extent_en.ftl"): Not found
[main] DEBUG freemarker.cache  - TemplateLoader.findTemplateSource("Extent.ftl"): Found
[main] DEBUG freemarker.cache  - Loading template for "Extent.ftl"("en_IN", UTF-8, parsed) from "jar:file:/C:/Users/sagar.sonar/.m2/repository/com/relevantcodes/extentreports/2.41.2/extentreports-2.41.2.jar!/com/relevantcodes/extentreports/view/Extent.ftl"
[main] DEBUG freemarker.cache  - Couldn't find template in cache for "Extent.ftl"("en_IN", UTF-8, parsed); will try to load it.
[main] DEBUG freemarker.cache  - TemplateLoader.findTemplateSource("Extent_en_IN.ftl"): Not found
[main] DEBUG freemarker.cache  - TemplateLoader.findTemplateSource("Extent_en.ftl"): Not found
[main] DEBUG freemarker.cache  - TemplateLoader.findTemplateSource("Extent.ftl"): Found
[main] DEBUG freemarker.cache  - Loading template for "Extent.ftl"("en_IN", UTF-8, parsed) from "jar:file:/C:/Users/sagar.sonar/.m2/repository/com/relevantcodes/extentreports/2.41.2/extentreports-2.41.2.jar!/com/relevantcodes/extentreports/view/Extent.ftl"
[main] DEBUG freemarker.cache  - Couldn't find template in cache for "Extent.ftl"("en_IN", UTF-8, parsed); will try to load it.
[main] DEBUG freemarker.cache  - TemplateLoader.findTemplateSource("Extent_en_IN.ftl"): Not found
[main] DEBUG freemarker.cache  - TemplateLoader.findTemplateSource("Extent_en.ftl"): Not found
[main] DEBUG freemarker.cache  - TemplateLoader.findTemplateSource("Extent.ftl"): Found
[main] DEBUG freemarker.cache  - Loading template for "Extent.ftl"("en_IN", UTF-8, parsed) from "jar:file:/C:/Users/sagar.sonar/.m2/repository/com/relevantcodes/extentreports/2.41.2/extentreports-2.41.2.jar!/com/relevantcodes/extentreports/view/Extent.ftl"
[main] DEBUG freemarker.cache  - Couldn't find template in cache for "Extent.ftl"("en_IN", UTF-8, parsed); will try to load it.
[main] DEBUG freemarker.cache  - TemplateLoader.findTemplateSource("Extent_en_IN.ftl"): Not found
[main] DEBUG freemarker.cache  - TemplateLoader.findTemplateSource("Extent_en.ftl"): Not found
[main] DEBUG freemarker.cache  - TemplateLoader.findTemplateSource("Extent.ftl"): Found
[main] DEBUG freemarker.cache  - Loading template for "Extent.ftl"("en_IN", UTF-8, parsed) from "jar:file:/C:/Users/sagar.sonar/.m2/repository/com/relevantcodes/extentreports/2.41.2/extentreports-2.41.2.jar!/com/relevantcodes/extentreports/view/Extent.ftl"
[main] DEBUG freemarker.cache  - Couldn't find template in cache for "Extent.ftl"("en_IN", UTF-8, parsed); will try to load it.
[main] DEBUG freemarker.cache  - TemplateLoader.findTemplateSource("Extent_en_IN.ftl"): Not found
[main] DEBUG freemarker.cache  - TemplateLoader.findTemplateSource("Extent_en.ftl"): Not found
[main] DEBUG freemarker.cache  - TemplateLoader.findTemplateSource("Extent.ftl"): Found
[main] DEBUG freemarker.cache  - Loading template for "Extent.ftl"("en_IN", UTF-8, parsed) from "jar:file:/C:/Users/sagar.sonar/.m2/repository/com/relevantcodes/extentreports/2.41.2/extentreports-2.41.2.jar!/com/relevantcodes/extentreports/view/Extent.ftl"
[main] DEBUG freemarker.cache  - Couldn't find template in cache for "Extent.ftl"("en_IN", UTF-8, parsed); will try to load it.
[main] DEBUG freemarker.cache  - TemplateLoader.findTemplateSource("Extent_en_IN.ftl"): Not found
[main] DEBUG freemarker.cache  - TemplateLoader.findTemplateSource("Extent_en.ftl"): Not found
[main] DEBUG freemarker.cache  - TemplateLoader.findTemplateSource("Extent.ftl"): Found
[main] DEBUG freemarker.cache  - Loading template for "Extent.ftl"("en_IN", UTF-8, parsed) from "jar:file:/C:/Users/sagar.sonar/.m2/repository/com/relevantcodes/extentreports/2.41.2/extentreports-2.41.2.jar!/com/relevantcodes/extentreports/view/Extent.ftl"
[main] DEBUG freemarker.cache  - Couldn't find template in cache for "Extent.ftl"("en_IN", UTF-8, parsed); will try to load it.
[main] DEBUG freemarker.cache  - TemplateLoader.findTemplateSource("Extent_en_IN.ftl"): Not found
[main] DEBUG freemarker.cache  - TemplateLoader.findTemplateSource("Extent_en.ftl"): Not found
[main] DEBUG freemarker.cache  - TemplateLoader.findTemplateSource("Extent.ftl"): Found
[main] DEBUG freemarker.cache  - Loading template for "Extent.ftl"("en_IN", UTF-8, parsed) from "jar:file:/C:/Users/sagar.sonar/.m2/repository/com/relevantcodes/extentreports/2.41.2/extentreports-2.41.2.jar!/com/relevantcodes/extentreports/view/Extent.ftl"
[main] DEBUG freemarker.cache  - Couldn't find template in cache for "Extent.ftl"("en_IN", UTF-8, parsed); will try to load it.
[main] DEBUG freemarker.cache  - TemplateLoader.findTemplateSource("Extent_en_IN.ftl"): Not found
[main] DEBUG freemarker.cache  - TemplateLoader.findTemplateSource("Extent_en.ftl"): Not found
[main] DEBUG freemarker.cache  - TemplateLoader.findTemplateSource("Extent.ftl"): Found
[main] DEBUG freemarker.cache  - Loading template for "Extent.ftl"("en_IN", UTF-8, parsed) from "jar:file:/C:/Users/sagar.sonar/.m2/repository/com/relevantcodes/extentreports/2.41.2/extentreports-2.41.2.jar!/com/relevantcodes/extentreports/view/Extent.ftl"
[main] DEBUG freemarker.cache  - Couldn't find template in cache for "Extent.ftl"("en_IN", UTF-8, parsed); will try to load it.
[main] DEBUG freemarker.cache  - TemplateLoader.findTemplateSource("Extent_en_IN.ftl"): Not found
[main] DEBUG freemarker.cache  - TemplateLoader.findTemplateSource("Extent_en.ftl"): Not found
[main] DEBUG freemarker.cache  - TemplateLoader.findTemplateSource("Extent.ftl"): Found
[main] DEBUG freemarker.cache  - Loading template for "Extent.ftl"("en_IN", UTF-8, parsed) from "jar:file:/C:/Users/sagar.sonar/.m2/repository/com/relevantcodes/extentreports/2.41.2/extentreports-2.41.2.jar!/com/relevantcodes/extentreports/view/Extent.ftl"
[main] DEBUG freemarker.cache  - Couldn't find template in cache for "Extent.ftl"("en_IN", UTF-8, parsed); will try to load it.
[main] DEBUG freemarker.cache  - TemplateLoader.findTemplateSource("Extent_en_IN.ftl"): Not found
[main] DEBUG freemarker.cache  - TemplateLoader.findTemplateSource("Extent_en.ftl"): Not found
[main] DEBUG freemarker.cache  - TemplateLoader.findTemplateSource("Extent.ftl"): Found
[main] DEBUG freemarker.cache  - Loading template for "Extent.ftl"("en_IN", UTF-8, parsed) from "jar:file:/C:/Users/sagar.sonar/.m2/repository/com/relevantcodes/extentreports/2.41.2/extentreports-2.41.2.jar!/com/relevantcodes/extentreports/view/Extent.ftl"
[main] DEBUG freemarker.cache  - Couldn't find template in cache for "Extent.ftl"("en_IN", UTF-8, parsed); will try to load it.
[main] DEBUG freemarker.cache  - TemplateLoader.findTemplateSource("Extent_en_IN.ftl"): Not found
[main] DEBUG freemarker.cache  - TemplateLoader.findTemplateSource("Extent_en.ftl"): Not found
[main] DEBUG freemarker.cache  - TemplateLoader.findTemplateSource("Extent.ftl"): Found
[main] DEBUG freemarker.cache  - Loading template for "Extent.ftl"("en_IN", UTF-8, parsed) from "jar:file:/C:/Users/sagar.sonar/.m2/repository/com/relevantcodes/extentreports/2.41.2/extentreports-2.41.2.jar!/com/relevantcodes/extentreports/view/Extent.ftl"
[main] DEBUG freemarker.cache  - Couldn't find template in cache for "Extent.ftl"("en_IN", UTF-8, parsed); will try to load it.
[main] DEBUG freemarker.cache  - TemplateLoader.findTemplateSource("Extent_en_IN.ftl"): Not found
[main] DEBUG freemarker.cache  - TemplateLoader.findTemplateSource("Extent_en.ftl"): Not found
[main] DEBUG freemarker.cache  - TemplateLoader.findTemplateSource("Extent.ftl"): Found
[main] DEBUG freemarker.cache  - Loading template for "Extent.ftl"("en_IN", UTF-8, parsed) from "jar:file:/C:/Users/sagar.sonar/.m2/repository/com/relevantcodes/extentreports/2.41.2/extentreports-2.41.2.jar!/com/relevantcodes/extentreports/view/Extent.ftl"
[main] DEBUG freemarker.cache  - Couldn't find template in cache for "Extent.ftl"("en_IN", UTF-8, parsed); will try to load it.
[main] DEBUG freemarker.cache  - TemplateLoader.findTemplateSource("Extent_en_IN.ftl"): Not found
[main] DEBUG freemarker.cache  - TemplateLoader.findTemplateSource("Extent_en.ftl"): Not found
[main] DEBUG freemarker.cache  - TemplateLoader.findTemplateSource("Extent.ftl"): Found
[main] DEBUG freemarker.cache  - Loading template for "Extent.ftl"("en_IN", UTF-8, parsed) from "jar:file:/C:/Users/sagar.sonar/.m2/repository/com/relevantcodes/extentreports/2.41.2/extentreports-2.41.2.jar!/com/relevantcodes/extentreports/view/Extent.ftl"
[main] DEBUG freemarker.cache  - Couldn't find template in cache for "Extent.ftl"("en_IN", UTF-8, parsed); will try to load it.
[main] DEBUG freemarker.cache  - TemplateLoader.findTemplateSource("Extent_en_IN.ftl"): Not found
[main] DEBUG freemarker.cache  - TemplateLoader.findTemplateSource("Extent_en.ftl"): Not found
[main] DEBUG freemarker.cache  - TemplateLoader.findTemplateSource("Extent.ftl"): Found
[main] DEBUG freemarker.cache  - Loading template for "Extent.ftl"("en_IN", UTF-8, parsed) from "jar:file:/C:/Users/sagar.sonar/.m2/repository/com/relevantcodes/extentreports/2.41.2/extentreports-2.41.2.jar!/com/relevantcodes/extentreports/view/Extent.ftl"
[main] DEBUG freemarker.cache  - Couldn't find template in cache for "Extent.ftl"("en_IN", UTF-8, parsed); will try to load it.
[main] DEBUG freemarker.cache  - TemplateLoader.findTemplateSource("Extent_en_IN.ftl"): Not found
[main] DEBUG freemarker.cache  - TemplateLoader.findTemplateSource("Extent_en.ftl"): Not found
[main] DEBUG freemarker.cache  - TemplateLoader.findTemplateSource("Extent.ftl"): Found
[main] DEBUG freemarker.cache  - Loading template for "Extent.ftl"("en_IN", UTF-8, parsed) from "jar:file:/C:/Users/sagar.sonar/.m2/repository/com/relevantcodes/extentreports/2.41.2/extentreports-2.41.2.jar!/com/relevantcodes/extentreports/view/Extent.ftl"
[main] DEBUG freemarker.cache  - Couldn't find template in cache for "Extent.ftl"("en_IN", UTF-8, parsed); will try to load it.
[main] DEBUG freemarker.cache  - TemplateLoader.findTemplateSource("Extent_en_IN.ftl"): Not found
[main] DEBUG freemarker.cache  - TemplateLoader.findTemplateSource("Extent_en.ftl"): Not found
[main] DEBUG freemarker.cache  - TemplateLoader.findTemplateSource("Extent.ftl"): Found
[main] DEBUG freemarker.cache  - Loading template for "Extent.ftl"("en_IN", UTF-8, parsed) from "jar:file:/C:/Users/sagar.sonar/.m2/repository/com/relevantcodes/extentreports/2.41.2/extentreports-2.41.2.jar!/com/relevantcodes/extentreports/view/Extent.ftl"
[main] DEBUG freemarker.cache  - Couldn't find template in cache for "Extent.ftl"("en_IN", UTF-8, parsed); will try to load it.
[main] DEBUG freemarker.cache  - TemplateLoader.findTemplateSource("Extent_en_IN.ftl"): Not found
[main] DEBUG freemarker.cache  - TemplateLoader.findTemplateSource("Extent_en.ftl"): Not found
[main] DEBUG freemarker.cache  - TemplateLoader.findTemplateSource("Extent.ftl"): Found
[main] DEBUG freemarker.cache  - Loading template for "Extent.ftl"("en_IN", UTF-8, parsed) from "jar:file:/C:/Users/sagar.sonar/.m2/repository/com/relevantcodes/extentreports/2.41.2/extentreports-2.41.2.jar!/com/relevantcodes/extentreports/view/Extent.ftl"
[main] DEBUG freemarker.cache  - Couldn't find template in cache for "Extent.ftl"("en_IN", UTF-8, parsed); will try to load it.
[main] DEBUG freemarker.cache  - TemplateLoader.findTemplateSource("Extent_en_IN.ftl"): Not found
[main] DEBUG freemarker.cache  - TemplateLoader.findTemplateSource("Extent_en.ftl"): Not found
[main] DEBUG freemarker.cache  - TemplateLoader.findTemplateSource("Extent.ftl"): Found
[main] DEBUG freemarker.cache  - Loading template for "Extent.ftl"("en_IN", UTF-8, parsed) from "jar:file:/C:/Users/sagar.sonar/.m2/repository/com/relevantcodes/extentreports/2.41.2/extentreports-2.41.2.jar!/com/relevantcodes/extentreports/view/Extent.ftl"
[main] DEBUG freemarker.cache  - Couldn't find template in cache for "Extent.ftl"("en_IN", UTF-8, parsed); will try to load it.
[main] DEBUG freemarker.cache  - TemplateLoader.findTemplateSource("Extent_en_IN.ftl"): Not found
[main] DEBUG freemarker.cache  - TemplateLoader.findTemplateSource("Extent_en.ftl"): Not found
[main] DEBUG freemarker.cache  - TemplateLoader.findTemplateSource("Extent.ftl"): Found
[main] DEBUG freemarker.cache  - Loading template for "Extent.ftl"("en_IN", UTF-8, parsed) from "jar:file:/C:/Users/sagar.sonar/.m2/repository/com/relevantcodes/extentreports/2.41.2/extentreports-2.41.2.jar!/com/relevantcodes/extentreports/view/Extent.ftl"
[main] DEBUG freemarker.cache  - Couldn't find template in cache for "Extent.ftl"("en_IN", UTF-8, parsed); will try to load it.
[main] DEBUG freemarker.cache  - TemplateLoader.findTemplateSource("Extent_en_IN.ftl"): Not found
[main] DEBUG freemarker.cache  - TemplateLoader.findTemplateSource("Extent_en.ftl"): Not found
[main] DEBUG freemarker.cache  - TemplateLoader.findTemplateSource("Extent.ftl"): Found
[main] DEBUG freemarker.cache  - Loading template for "Extent.ftl"("en_IN", UTF-8, parsed) from "jar:file:/C:/Users/sagar.sonar/.m2/repository/com/relevantcodes/extentreports/2.41.2/extentreports-2.41.2.jar!/com/relevantcodes/extentreports/view/Extent.ftl"
[main] DEBUG freemarker.cache  - Couldn't find template in cache for "Extent.ftl"("en_IN", UTF-8, parsed); will try to load it.
[main] DEBUG freemarker.cache  - TemplateLoader.findTemplateSource("Extent_en_IN.ftl"): Not found
[main] DEBUG freemarker.cache  - TemplateLoader.findTemplateSource("Extent_en.ftl"): Not found
[main] DEBUG freemarker.cache  - TemplateLoader.findTemplateSource("Extent.ftl"): Found
[main] DEBUG freemarker.cache  - Loading template for "Extent.ftl"("en_IN", UTF-8, parsed) from "jar:file:/C:/Users/sagar.sonar/.m2/repository/com/relevantcodes/extentreports/2.41.2/extentreports-2.41.2.jar!/com/relevantcodes/extentreports/view/Extent.ftl"
[main] DEBUG freemarker.cache  - Couldn't find template in cache for "Extent.ftl"("en_IN", UTF-8, parsed); will try to load it.
[main] DEBUG freemarker.cache  - TemplateLoader.findTemplateSource("Extent_en_IN.ftl"): Not found
[main] DEBUG freemarker.cache  - TemplateLoader.findTemplateSource("Extent_en.ftl"): Not found
[main] DEBUG freemarker.cache  - TemplateLoader.findTemplateSource("Extent.ftl"): Found
[main] DEBUG freemarker.cache  - Loading template for "Extent.ftl"("en_IN", UTF-8, parsed) from "jar:file:/C:/Users/sagar.sonar/.m2/repository/com/relevantcodes/extentreports/2.41.2/extentreports-2.41.2.jar!/com/relevantcodes/extentreports/view/Extent.ftl"
[main] DEBUG freemarker.cache  - Couldn't find template in cache for "Extent.ftl"("en_IN", UTF-8, parsed); will try to load it.
[main] DEBUG freemarker.cache  - TemplateLoader.findTemplateSource("Extent_en_IN.ftl"): Not found
[main] DEBUG freemarker.cache  - TemplateLoader.findTemplateSource("Extent_en.ftl"): Not found
[main] DEBUG freemarker.cache  - TemplateLoader.findTemplateSource("Extent.ftl"): Found
[main] DEBUG freemarker.cache  - Loading template for "Extent.ftl"("en_IN", UTF-8, parsed) from "jar:file:/C:/Users/sagar.sonar/.m2/repository/com/relevantcodes/extentreports/2.41.2/extentreports-2.41.2.jar!/com/relevantcodes/extentreports/view/Extent.ftl"
[main] DEBUG freemarker.cache  - Couldn't find template in cache for "Extent.ftl"("en_IN", UTF-8, parsed); will try to load it.
[main] DEBUG freemarker.cache  - TemplateLoader.findTemplateSource("Extent_en_IN.ftl"): Not found
[main] DEBUG freemarker.cache  - TemplateLoader.findTemplateSource("Extent_en.ftl"): Not found
[main] DEBUG freemarker.cache  - TemplateLoader.findTemplateSource("Extent.ftl"): Found
[main] DEBUG freemarker.cache  - Loading template for "Extent.ftl"("en_IN", UTF-8, parsed) from "jar:file:/C:/Users/sagar.sonar/.m2/repository/com/relevantcodes/extentreports/2.41.2/extentreports-2.41.2.jar!/com/relevantcodes/extentreports/view/Extent.ftl"
[main] DEBUG freemarker.cache  - Couldn't find template in cache for "Extent.ftl"("en_IN", UTF-8, parsed); will try to load it.
[main] DEBUG freemarker.cache  - TemplateLoader.findTemplateSource("Extent_en_IN.ftl"): Not found
[main] DEBUG freemarker.cache  - TemplateLoader.findTemplateSource("Extent_en.ftl"): Not found
[main] DEBUG freemarker.cache  - TemplateLoader.findTemplateSource("Extent.ftl"): Found
[main] DEBUG freemarker.cache  - Loading template for "Extent.ftl"("en_IN", UTF-8, parsed) from "jar:file:/C:/Users/sagar.sonar/.m2/repository/com/relevantcodes/extentreports/2.41.2/extentreports-2.41.2.jar!/com/relevantcodes/extentreports/view/Extent.ftl"
[main] DEBUG freemarker.cache  - Couldn't find template in cache for "Extent.ftl"("en_IN", UTF-8, parsed); will try to load it.
[main] DEBUG freemarker.cache  - TemplateLoader.findTemplateSource("Extent_en_IN.ftl"): Not found
[main] DEBUG freemarker.cache  - TemplateLoader.findTemplateSource("Extent_en.ftl"): Not found
[main] DEBUG freemarker.cache  - TemplateLoader.findTemplateSource("Extent.ftl"): Found
[main] DEBUG freemarker.cache  - Loading template for "Extent.ftl"("en_IN", UTF-8, parsed) from "jar:file:/C:/Users/sagar.sonar/.m2/repository/com/relevantcodes/extentreports/2.41.2/extentreports-2.41.2.jar!/com/relevantcodes/extentreports/view/Extent.ftl"
[main] DEBUG freemarker.cache  - Couldn't find template in cache for "Extent.ftl"("en_IN", UTF-8, parsed); will try to load it.
[main] DEBUG freemarker.cache  - TemplateLoader.findTemplateSource("Extent_en_IN.ftl"): Not found
[main] DEBUG freemarker.cache  - TemplateLoader.findTemplateSource("Extent_en.ftl"): Not found
[main] DEBUG freemarker.cache  - TemplateLoader.findTemplateSource("Extent.ftl"): Found
[main] DEBUG freemarker.cache  - Loading template for "Extent.ftl"("en_IN", UTF-8, parsed) from "jar:file:/C:/Users/sagar.sonar/.m2/repository/com/relevantcodes/extentreports/2.41.2/extentreports-2.41.2.jar!/com/relevantcodes/extentreports/view/Extent.ftl"
[main] DEBUG freemarker.cache  - Couldn't find template in cache for "Extent.ftl"("en_IN", UTF-8, parsed); will try to load it.
[main] DEBUG freemarker.cache  - TemplateLoader.findTemplateSource("Extent_en_IN.ftl"): Not found
[main] DEBUG freemarker.cache  - TemplateLoader.findTemplateSource("Extent_en.ftl"): Not found
[main] DEBUG freemarker.cache  - TemplateLoader.findTemplateSource("Extent.ftl"): Found
[main] DEBUG freemarker.cache  - Loading template for "Extent.ftl"("en_IN", UTF-8, parsed) from "jar:file:/C:/Users/sagar.sonar/.m2/repository/com/relevantcodes/extentreports/2.41.2/extentreports-2.41.2.jar!/com/relevantcodes/extentreports/view/Extent.ftl"
[main] DEBUG freemarker.cache  - Couldn't find template in cache for "Extent.ftl"("en_IN", UTF-8, parsed); will try to load it.
[main] DEBUG freemarker.cache  - TemplateLoader.findTemplateSource("Extent_en_IN.ftl"): Not found
[main] DEBUG freemarker.cache  - TemplateLoader.findTemplateSource("Extent_en.ftl"): Not found
[main] DEBUG freemarker.cache  - TemplateLoader.findTemplateSource("Extent.ftl"): Found
[main] DEBUG freemarker.cache  - Loading template for "Extent.ftl"("en_IN", UTF-8, parsed) from "jar:file:/C:/Users/sagar.sonar/.m2/repository/com/relevantcodes/extentreports/2.41.2/extentreports-2.41.2.jar!/com/relevantcodes/extentreports/view/Extent.ftl"
[TestNG-tests-1] DEBUG freemarker.cache  - Couldn't find template in cache for "Extent.ftl"("en_IN", UTF-8, parsed); will try to load it.
[TestNG-tests-1] DEBUG freemarker.cache  - TemplateLoader.findTemplateSource("Extent_en_IN.ftl"): Not found
[TestNG-tests-1] DEBUG freemarker.cache  - TemplateLoader.findTemplateSource("Extent_en.ftl"): Not found
[TestNG-tests-1] DEBUG freemarker.cache  - TemplateLoader.findTemplateSource("Extent.ftl"): Found
[TestNG-tests-1] DEBUG freemarker.cache  - Loading template for "Extent.ftl"("en_IN", UTF-8, parsed) from "jar:file:/C:/Users/sagar.sonar/.m2/repository/com/relevantcodes/extentreports/2.41.2/extentreports-2.41.2.jar!/com/relevantcodes/extentreports/view/Extent.ftl"
[TestNG-tests-1] DEBUG freemarker.cache  - Couldn't find template in cache for "Extent.ftl"("en_IN", UTF-8, parsed); will try to load it.
[TestNG-tests-1] DEBUG freemarker.cache  - TemplateLoader.findTemplateSource("Extent_en_IN.ftl"): Not found
[TestNG-tests-1] DEBUG freemarker.cache  - TemplateLoader.findTemplateSource("Extent_en.ftl"): Not found
[TestNG-tests-1] DEBUG freemarker.cache  - TemplateLoader.findTemplateSource("Extent.ftl"): Found
[TestNG-tests-1] DEBUG freemarker.cache  - Loading template for "Extent.ftl"("en_IN", UTF-8, parsed) from "jar:file:/C:/Users/sagar.sonar/.m2/repository/com/relevantcodes/extentreports/2.41.2/extentreports-2.41.2.jar!/com/relevantcodes/extentreports/view/Extent.ftl"
[TestNG-tests-1] DEBUG freemarker.cache  - Couldn't find template in cache for "Extent.ftl"("en_IN", UTF-8, parsed); will try to load it.
[TestNG-tests-1] DEBUG freemarker.cache  - TemplateLoader.findTemplateSource("Extent_en_IN.ftl"): Not found
[TestNG-tests-1] DEBUG freemarker.cache  - TemplateLoader.findTemplateSource("Extent_en.ftl"): Not found
[TestNG-tests-1] DEBUG freemarker.cache  - TemplateLoader.findTemplateSource("Extent.ftl"): Found
[TestNG-tests-1] DEBUG freemarker.cache  - Loading template for "Extent.ftl"("en_IN", UTF-8, parsed) from "jar:file:/C:/Users/sagar.sonar/.m2/repository/com/relevantcodes/extentreports/2.41.2/extentreports-2.41.2.jar!/com/relevantcodes/extentreports/view/Extent.ftl"
[TestNG-tests-1] DEBUG freemarker.cache  - Couldn't find template in cache for "Extent.ftl"("en_IN", UTF-8, parsed); will try to load it.
[TestNG-tests-1] DEBUG freemarker.cache  - TemplateLoader.findTemplateSource("Extent_en_IN.ftl"): Not found
[TestNG-tests-1] DEBUG freemarker.cache  - TemplateLoader.findTemplateSource("Extent_en.ftl"): Not found
[TestNG-tests-1] DEBUG freemarker.cache  - TemplateLoader.findTemplateSource("Extent.ftl"): Found
[TestNG-tests-1] DEBUG freemarker.cache  - Loading template for "Extent.ftl"("en_IN", UTF-8, parsed) from "jar:file:/C:/Users/sagar.sonar/.m2/repository/com/relevantcodes/extentreports/2.41.2/extentreports-2.41.2.jar!/com/relevantcodes/extentreports/view/Extent.ftl"
[TestNG-tests-2] DEBUG freemarker.cache  - Couldn't find template in cache for "Extent.ftl"("en_IN", UTF-8, parsed); will try to load it.
[TestNG-tests-2] DEBUG freemarker.cache  - TemplateLoader.findTemplateSource("Extent_en_IN.ftl"): Not found
[TestNG-tests-2] DEBUG freemarker.cache  - TemplateLoader.findTemplateSource("Extent_en.ftl"): Not found
[TestNG-tests-2] DEBUG freemarker.cache  - TemplateLoader.findTemplateSource("Extent.ftl"): Found
[TestNG-tests-2] DEBUG freemarker.cache  - Loading template for "Extent.ftl"("en_IN", UTF-8, parsed) from "jar:file:/C:/Users/sagar.sonar/.m2/repository/com/relevantcodes/extentreports/2.41.2/extentreports-2.41.2.jar!/com/relevantcodes/extentreports/view/Extent.ftl"
[TestNG-tests-2] DEBUG freemarker.cache  - Couldn't find template in cache for "Extent.ftl"("en_IN", UTF-8, parsed); will try to load it.
[TestNG-tests-2] DEBUG freemarker.cache  - TemplateLoader.findTemplateSource("Extent_en_IN.ftl"): Not found
[TestNG-tests-2] DEBUG freemarker.cache  - TemplateLoader.findTemplateSource("Extent_en.ftl"): Not found
[TestNG-tests-2] DEBUG freemarker.cache  - TemplateLoader.findTemplateSource("Extent.ftl"): Found
[TestNG-tests-2] DEBUG freemarker.cache  - Loading template for "Extent.ftl"("en_IN", UTF-8, parsed) from "jar:file:/C:/Users/sagar.sonar/.m2/repository/com/relevantcodes/extentreports/2.41.2/extentreports-2.41.2.jar!/com/relevantcodes/extentreports/view/Extent.ftl"
[TestNG-tests-1] DEBUG freemarker.cache  - Couldn't find template in cache for "Extent.ftl"("en_IN", UTF-8, parsed); will try to load it.
[TestNG-tests-1] DEBUG freemarker.cache  - TemplateLoader.findTemplateSource("Extent_en_IN.ftl"): Not found
[TestNG-tests-1] DEBUG freemarker.cache  - TemplateLoader.findTemplateSource("Extent_en.ftl"): Not found
[TestNG-tests-1] DEBUG freemarker.cache  - TemplateLoader.findTemplateSource("Extent.ftl"): Found
[TestNG-tests-1] DEBUG freemarker.cache  - Loading template for "Extent.ftl"("en_IN", UTF-8, parsed) from "jar:file:/C:/Users/sagar.sonar/.m2/repository/com/relevantcodes/extentreports/2.41.2/extentreports-2.41.2.jar!/com/relevantcodes/extentreports/view/Extent.ftl"
[TestNG-tests-1] DEBUG freemarker.cache  - Couldn't find template in cache for "Extent.ftl"("en_IN", UTF-8, parsed); will try to load it.
[TestNG-tests-1] DEBUG freemarker.cache  - TemplateLoader.findTemplateSource("Extent_en_IN.ftl"): Not found
[TestNG-tests-1] DEBUG freemarker.cache  - TemplateLoader.findTemplateSource("Extent_en.ftl"): Not found
[TestNG-tests-1] DEBUG freemarker.cache  - TemplateLoader.findTemplateSource("Extent.ftl"): Found
[TestNG-tests-1] DEBUG freemarker.cache  - Loading template for "Extent.ftl"("en_IN", UTF-8, parsed) from "jar:file:/C:/Users/sagar.sonar/.m2/repository/com/relevantcodes/extentreports/2.41.2/extentreports-2.41.2.jar!/com/relevantcodes/extentreports/view/Extent.ftl"
[TestNG-tests-2] DEBUG freemarker.cache  - Couldn't find template in cache for "Extent.ftl"("en_IN", UTF-8, parsed); will try to load it.
[TestNG-tests-2] DEBUG freemarker.cache  - TemplateLoader.findTemplateSource("Extent_en_IN.ftl"): Not found
[TestNG-tests-2] DEBUG freemarker.cache  - TemplateLoader.findTemplateSource("Extent_en.ftl"): Not found
[TestNG-tests-2] DEBUG freemarker.cache  - TemplateLoader.findTemplateSource("Extent.ftl"): Found
[TestNG-tests-2] DEBUG freemarker.cache  - Loading template for "Extent.ftl"("en_IN", UTF-8, parsed) from "jar:file:/C:/Users/sagar.sonar/.m2/repository/com/relevantcodes/extentreports/2.41.2/extentreports-2.41.2.jar!/com/relevantcodes/extentreports/view/Extent.ftl"
[TestNG-tests-2] DEBUG freemarker.cache  - Couldn't find template in cache for "Extent.ftl"("en_IN", UTF-8, parsed); will try to load it.
[TestNG-tests-2] DEBUG freemarker.cache  - TemplateLoader.findTemplateSource("Extent_en_IN.ftl"): Not found
[TestNG-tests-2] DEBUG freemarker.cache  - TemplateLoader.findTemplateSource("Extent_en.ftl"): Not found
[TestNG-tests-2] DEBUG freemarker.cache  - TemplateLoader.findTemplateSource("Extent.ftl"): Found
[TestNG-tests-2] DEBUG freemarker.cache  - Loading template for "Extent.ftl"("en_IN", UTF-8, parsed) from "jar:file:/C:/Users/sagar.sonar/.m2/repository/com/relevantcodes/extentreports/2.41.2/extentreports-2.41.2.jar!/com/relevantcodes/extentreports/view/Extent.ftl"
[TestNG-tests-1] DEBUG freemarker.cache  - Couldn't find template in cache for "Extent.ftl"("en_IN", UTF-8, parsed); will try to load it.
[TestNG-tests-1] DEBUG freemarker.cache  - TemplateLoader.findTemplateSource("Extent_en_IN.ftl"): Not found
[TestNG-tests-1] DEBUG freemarker.cache  - TemplateLoader.findTemplateSource("Extent_en.ftl"): Not found
[TestNG-tests-1] DEBUG freemarker.cache  - TemplateLoader.findTemplateSource("Extent.ftl"): Found
[TestNG-tests-1] DEBUG freemarker.cache  - Loading template for "Extent.ftl"("en_IN", UTF-8, parsed) from "jar:file:/C:/Users/sagar.sonar/.m2/repository/com/relevantcodes/extentreports/2.41.2/extentreports-2.41.2.jar!/com/relevantcodes/extentreports/view/Extent.ftl"
[TestNG-tests-1] DEBUG freemarker.cache  - Couldn't find template in cache for "Extent.ftl"("en_IN", UTF-8, parsed); will try to load it.
[TestNG-tests-1] DEBUG freemarker.cache  - TemplateLoader.findTemplateSource("Extent_en_IN.ftl"): Not found
[TestNG-tests-1] DEBUG freemarker.cache  - TemplateLoader.findTemplateSource("Extent_en.ftl"): Not found
[TestNG-tests-1] DEBUG freemarker.cache  - TemplateLoader.findTemplateSource("Extent.ftl"): Found
[TestNG-tests-1] DEBUG freemarker.cache  - Loading template for "Extent.ftl"("en_IN", UTF-8, parsed) from "jar:file:/C:/Users/sagar.sonar/.m2/repository/com/relevantcodes/extentreports/2.41.2/extentreports-2.41.2.jar!/com/relevantcodes/extentreports/view/Extent.ftl"
[TestNG-tests-1] DEBUG freemarker.cache  - Couldn't find template in cache for "Extent.ftl"("en_IN", UTF-8, parsed); will try to load it.
[TestNG-tests-1] DEBUG freemarker.cache  - TemplateLoader.findTemplateSource("Extent_en_IN.ftl"): Not found
[TestNG-tests-1] DEBUG freemarker.cache  - TemplateLoader.findTemplateSource("Extent_en.ftl"): Not found
[TestNG-tests-1] DEBUG freemarker.cache  - TemplateLoader.findTemplateSource("Extent.ftl"): Found
[TestNG-tests-1] DEBUG freemarker.cache  - Loading template for "Extent.ftl"("en_IN", UTF-8, parsed) from "jar:file:/C:/Users/sagar.sonar/.m2/repository/com/relevantcodes/extentreports/2.41.2/extentreports-2.41.2.jar!/com/relevantcodes/extentreports/view/Extent.ftl"
[TestNG-tests-1] DEBUG freemarker.cache  - Couldn't find template in cache for "Extent.ftl"("en_IN", UTF-8, parsed); will try to load it.
[TestNG-tests-1] DEBUG freemarker.cache  - TemplateLoader.findTemplateSource("Extent_en_IN.ftl"): Not found
[TestNG-tests-1] DEBUG freemarker.cache  - TemplateLoader.findTemplateSource("Extent_en.ftl"): Not found
[TestNG-tests-1] DEBUG freemarker.cache  - TemplateLoader.findTemplateSource("Extent.ftl"): Found
[TestNG-tests-1] DEBUG freemarker.cache  - Loading template for "Extent.ftl"("en_IN", UTF-8, parsed) from "jar:file:/C:/Users/sagar.sonar/.m2/repository/com/relevantcodes/extentreports/2.41.2/extentreports-2.41.2.jar!/com/relevantcodes/extentreports/view/Extent.ftl"
[TestNG-tests-1] DEBUG freemarker.cache  - Couldn't find template in cache for "Extent.ftl"("en_IN", UTF-8, parsed); will try to load it.
[TestNG-tests-1] DEBUG freemarker.cache  - TemplateLoader.findTemplateSource("Extent_en_IN.ftl"): Not found
[TestNG-tests-1] DEBUG freemarker.cache  - TemplateLoader.findTemplateSource("Extent_en.ftl"): Not found
[TestNG-tests-1] DEBUG freemarker.cache  - TemplateLoader.findTemplateSource("Extent.ftl"): Found
[TestNG-tests-1] DEBUG freemarker.cache  - Loading template for "Extent.ftl"("en_IN", UTF-8, parsed) from "jar:file:/C:/Users/sagar.sonar/.m2/repository/com/relevantcodes/extentreports/2.41.2/extentreports-2.41.2.jar!/com/relevantcodes/extentreports/view/Extent.ftl"
[TestNG-tests-1] DEBUG freemarker.cache  - Couldn't find template in cache for "Extent.ftl"("en_IN", UTF-8, parsed); will try to load it.
[TestNG-tests-1] DEBUG freemarker.cache  - TemplateLoader.findTemplateSource("Extent_en_IN.ftl"): Not found
[TestNG-tests-1] DEBUG freemarker.cache  - TemplateLoader.findTemplateSource("Extent_en.ftl"): Not found
[TestNG-tests-1] DEBUG freemarker.cache  - TemplateLoader.findTemplateSource("Extent.ftl"): Found
[TestNG-tests-1] DEBUG freemarker.cache  - Loading template for "Extent.ftl"("en_IN", UTF-8, parsed) from "jar:file:/C:/Users/sagar.sonar/.m2/repository/com/relevantcodes/extentreports/2.41.2/extentreports-2.41.2.jar!/com/relevantcodes/extentreports/view/Extent.ftl"
[TestNG-tests-1] DEBUG freemarker.cache  - Couldn't find template in cache for "Extent.ftl"("en_IN", UTF-8, parsed); will try to load it.
[TestNG-tests-1] DEBUG freemarker.cache  - TemplateLoader.findTemplateSource("Extent_en_IN.ftl"): Not found
[TestNG-tests-1] DEBUG freemarker.cache  - TemplateLoader.findTemplateSource("Extent_en.ftl"): Not found
[TestNG-tests-1] DEBUG freemarker.cache  - TemplateLoader.findTemplateSource("Extent.ftl"): Found
[TestNG-tests-1] DEBUG freemarker.cache  - Loading template for "Extent.ftl"("en_IN", UTF-8, parsed) from "jar:file:/C:/Users/sagar.sonar/.m2/repository/com/relevantcodes/extentreports/2.41.2/extentreports-2.41.2.jar!/com/relevantcodes/extentreports/view/Extent.ftl"
[TestNG-tests-1] DEBUG freemarker.cache  - Couldn't find template in cache for "Extent.ftl"("en_IN", UTF-8, parsed); will try to load it.
[TestNG-tests-1] DEBUG freemarker.cache  - TemplateLoader.findTemplateSource("Extent_en_IN.ftl"): Not found
[TestNG-tests-1] DEBUG freemarker.cache  - TemplateLoader.findTemplateSource("Extent_en.ftl"): Not found
[TestNG-tests-1] DEBUG freemarker.cache  - TemplateLoader.findTemplateSource("Extent.ftl"): Found
[TestNG-tests-1] DEBUG freemarker.cache  - Loading template for "Extent.ftl"("en_IN", UTF-8, parsed) from "jar:file:/C:/Users/sagar.sonar/.m2/repository/com/relevantcodes/extentreports/2.41.2/extentreports-2.41.2.jar!/com/relevantcodes/extentreports/view/Extent.ftl"
[TestNG-tests-1] DEBUG freemarker.cache  - Couldn't find template in cache for "Extent.ftl"("en_IN", UTF-8, parsed); will try to load it.
[TestNG-tests-1] DEBUG freemarker.cache  - TemplateLoader.findTemplateSource("Extent_en_IN.ftl"): Not found
[TestNG-tests-1] DEBUG freemarker.cache  - TemplateLoader.findTemplateSource("Extent_en.ftl"): Not found
[TestNG-tests-1] DEBUG freemarker.cache  - TemplateLoader.findTemplateSource("Extent.ftl"): Found
[TestNG-tests-1] DEBUG freemarker.cache  - Loading template for "Extent.ftl"("en_IN", UTF-8, parsed) from "jar:file:/C:/Users/sagar.sonar/.m2/repository/com/relevantcodes/extentreports/2.41.2/extentreports-2.41.2.jar!/com/relevantcodes/extentreports/view/Extent.ftl"
[TestNG-tests-1] DEBUG freemarker.cache  - Couldn't find template in cache for "Extent.ftl"("en_IN", UTF-8, parsed); will try to load it.
[TestNG-tests-1] DEBUG freemarker.cache  - TemplateLoader.findTemplateSource("Extent_en_IN.ftl"): Not found
[TestNG-tests-1] DEBUG freemarker.cache  - TemplateLoader.findTemplateSource("Extent_en.ftl"): Not found
[TestNG-tests-1] DEBUG freemarker.cache  - TemplateLoader.findTemplateSource("Extent.ftl"): Found
[TestNG-tests-1] DEBUG freemarker.cache  - Loading template for "Extent.ftl"("en_IN", UTF-8, parsed) from "jar:file:/C:/Users/sagar.sonar/.m2/repository/com/relevantcodes/extentreports/2.41.2/extentreports-2.41.2.jar!/com/relevantcodes/extentreports/view/Extent.ftl"
[TestNG-tests-1] DEBUG freemarker.cache  - Couldn't find template in cache for "Extent.ftl"("en_IN", UTF-8, parsed); will try to load it.
[TestNG-tests-1] DEBUG freemarker.cache  - TemplateLoader.findTemplateSource("Extent_en_IN.ftl"): Not found
[TestNG-tests-1] DEBUG freemarker.cache  - TemplateLoader.findTemplateSource("Extent_en.ftl"): Not found
[TestNG-tests-1] DEBUG freemarker.cache  - TemplateLoader.findTemplateSource("Extent.ftl"): Found
[TestNG-tests-1] DEBUG freemarker.cache  - Loading template for "Extent.ftl"("en_IN", UTF-8, parsed) from "jar:file:/C:/Users/sagar.sonar/.m2/repository/com/relevantcodes/extentreports/2.41.2/extentreports-2.41.2.jar!/com/relevantcodes/extentreports/view/Extent.ftl"
[TestNG-tests-1] DEBUG freemarker.cache  - Couldn't find template in cache for "Extent.ftl"("en_IN", UTF-8, parsed); will try to load it.
[TestNG-tests-1] DEBUG freemarker.cache  - TemplateLoader.findTemplateSource("Extent_en_IN.ftl"): Not found
[TestNG-tests-1] DEBUG freemarker.cache  - TemplateLoader.findTemplateSource("Extent_en.ftl"): Not found
[TestNG-tests-1] DEBUG freemarker.cache  - TemplateLoader.findTemplateSource("Extent.ftl"): Found
[TestNG-tests-1] DEBUG freemarker.cache  - Loading template for "Extent.ftl"("en_IN", UTF-8, parsed) from "jar:file:/C:/Users/sagar.sonar/.m2/repository/com/relevantcodes/extentreports/2.41.2/extentreports-2.41.2.jar!/com/relevantcodes/extentreports/view/Extent.ftl"
[TestNG-tests-1] DEBUG freemarker.cache  - Couldn't find template in cache for "Extent.ftl"("en_IN", UTF-8, parsed); will try to load it.
[TestNG-tests-1] DEBUG freemarker.cache  - TemplateLoader.findTemplateSource("Extent_en_IN.ftl"): Not found
[TestNG-tests-1] DEBUG freemarker.cache  - TemplateLoader.findTemplateSource("Extent_en.ftl"): Not found
[TestNG-tests-1] DEBUG freemarker.cache  - TemplateLoader.findTemplateSource("Extent.ftl"): Found
[TestNG-tests-1] DEBUG freemarker.cache  - Loading template for "Extent.ftl"("en_IN", UTF-8, parsed) from "jar:file:/C:/Users/sagar.sonar/.m2/repository/com/relevantcodes/extentreports/2.41.2/extentreports-2.41.2.jar!/com/relevantcodes/extentreports/view/Extent.ftl"
[TestNG-tests-1] DEBUG freemarker.cache  - Couldn't find template in cache for "Extent.ftl"("en_IN", UTF-8, parsed); will try to load it.
[TestNG-tests-1] DEBUG freemarker.cache  - TemplateLoader.findTemplateSource("Extent_en_IN.ftl"): Not found
[TestNG-tests-1] DEBUG freemarker.cache  - TemplateLoader.findTemplateSource("Extent_en.ftl"): Not found
[TestNG-tests-1] DEBUG freemarker.cache  - TemplateLoader.findTemplateSource("Extent.ftl"): Found
[TestNG-tests-1] DEBUG freemarker.cache  - Loading template for "Extent.ftl"("en_IN", UTF-8, parsed) from "jar:file:/C:/Users/sagar.sonar/.m2/repository/com/relevantcodes/extentreports/2.41.2/extentreports-2.41.2.jar!/com/relevantcodes/extentreports/view/Extent.ftl"
[TestNG-tests-1] DEBUG freemarker.cache  - Couldn't find template in cache for "Extent.ftl"("en_IN", UTF-8, parsed); will try to load it.
[TestNG-tests-1] DEBUG freemarker.cache  - TemplateLoader.findTemplateSource("Extent_en_IN.ftl"): Not found
[TestNG-tests-1] DEBUG freemarker.cache  - TemplateLoader.findTemplateSource("Extent_en.ftl"): Not found
[TestNG-tests-1] DEBUG freemarker.cache  - TemplateLoader.findTemplateSource("Extent.ftl"): Found
[TestNG-tests-1] DEBUG freemarker.cache  - Loading template for "Extent.ftl"("en_IN", UTF-8, parsed) from "jar:file:/C:/Users/sagar.sonar/.m2/repository/com/relevantcodes/extentreports/2.41.2/extentreports-2.41.2.jar!/com/relevantcodes/extentreports/view/Extent.ftl"
[TestNG-tests-1] DEBUG freemarker.cache  - Couldn't find template in cache for "Extent.ftl"("en_IN", UTF-8, parsed); will try to load it.
[TestNG-tests-1] DEBUG freemarker.cache  - TemplateLoader.findTemplateSource("Extent_en_IN.ftl"): Not found
[TestNG-tests-1] DEBUG freemarker.cache  - TemplateLoader.findTemplateSource("Extent_en.ftl"): Not found
[TestNG-tests-1] DEBUG freemarker.cache  - TemplateLoader.findTemplateSource("Extent.ftl"): Found
[TestNG-tests-1] DEBUG freemarker.cache  - Loading template for "Extent.ftl"("en_IN", UTF-8, parsed) from "jar:file:/C:/Users/sagar.sonar/.m2/repository/com/relevantcodes/extentreports/2.41.2/extentreports-2.41.2.jar!/com/relevantcodes/extentreports/view/Extent.ftl"
[TestNG-tests-1] DEBUG freemarker.cache  - Couldn't find template in cache for "Extent.ftl"("en_IN", UTF-8, parsed); will try to load it.
[TestNG-tests-1] DEBUG freemarker.cache  - TemplateLoader.findTemplateSource("Extent_en_IN.ftl"): Not found
[TestNG-tests-1] DEBUG freemarker.cache  - TemplateLoader.findTemplateSource("Extent_en.ftl"): Not found
[TestNG-tests-1] DEBUG freemarker.cache  - TemplateLoader.findTemplateSource("Extent.ftl"): Found
[TestNG-tests-1] DEBUG freemarker.cache  - Loading template for "Extent.ftl"("en_IN", UTF-8, parsed) from "jar:file:/C:/Users/sagar.sonar/.m2/repository/com/relevantcodes/extentreports/2.41.2/extentreports-2.41.2.jar!/com/relevantcodes/extentreports/view/Extent.ftl"
[TestNG-tests-1] DEBUG freemarker.cache  - Couldn't find template in cache for "Extent.ftl"("en_IN", UTF-8, parsed); will try to load it.
[TestNG-tests-1] DEBUG freemarker.cache  - TemplateLoader.findTemplateSource("Extent_en_IN.ftl"): Not found
[TestNG-tests-1] DEBUG freemarker.cache  - TemplateLoader.findTemplateSource("Extent_en.ftl"): Not found
[TestNG-tests-1] DEBUG freemarker.cache  - TemplateLoader.findTemplateSource("Extent.ftl"): Found
[TestNG-tests-1] DEBUG freemarker.cache  - Loading template for "Extent.ftl"("en_IN", UTF-8, parsed) from "jar:file:/C:/Users/sagar.sonar/.m2/repository/com/relevantcodes/extentreports/2.41.2/extentreports-2.41.2.jar!/com/relevantcodes/extentreports/view/Extent.ftl"
[TestNG-tests-1] DEBUG freemarker.cache  - Couldn't find template in cache for "Extent.ftl"("en_IN", UTF-8, parsed); will try to load it.
[TestNG-tests-1] DEBUG freemarker.cache  - TemplateLoader.findTemplateSource("Extent_en_IN.ftl"): Not found
[TestNG-tests-1] DEBUG freemarker.cache  - TemplateLoader.findTemplateSource("Extent_en.ftl"): Not found
[TestNG-tests-1] DEBUG freemarker.cache  - TemplateLoader.findTemplateSource("Extent.ftl"): Found
[TestNG-tests-1] DEBUG freemarker.cache  - Loading template for "Extent.ftl"("en_IN", UTF-8, parsed) from "jar:file:/C:/Users/sagar.sonar/.m2/repository/com/relevantcodes/extentreports/2.41.2/extentreports-2.41.2.jar!/com/relevantcodes/extentreports/view/Extent.ftl"
[TestNG-tests-1] DEBUG freemarker.cache  - Couldn't find template in cache for "Extent.ftl"("en_IN", UTF-8, parsed); will try to load it.
[TestNG-tests-1] DEBUG freemarker.cache  - TemplateLoader.findTemplateSource("Extent_en_IN.ftl"): Not found
[TestNG-tests-1] DEBUG freemarker.cache  - TemplateLoader.findTemplateSource("Extent_en.ftl"): Not found
[TestNG-tests-1] DEBUG freemarker.cache  - TemplateLoader.findTemplateSource("Extent.ftl"): Found
[TestNG-tests-1] DEBUG freemarker.cache  - Loading template for "Extent.ftl"("en_IN", UTF-8, parsed) from "jar:file:/C:/Users/sagar.sonar/.m2/repository/com/relevantcodes/extentreports/2.41.2/extentreports-2.41.2.jar!/com/relevantcodes/extentreports/view/Extent.ftl"
[TestNG-tests-1] DEBUG freemarker.cache  - Couldn't find template in cache for "Extent.ftl"("en_IN", UTF-8, parsed); will try to load it.
[TestNG-tests-1] DEBUG freemarker.cache  - TemplateLoader.findTemplateSource("Extent_en_IN.ftl"): Not found
[TestNG-tests-1] DEBUG freemarker.cache  - TemplateLoader.findTemplateSource("Extent_en.ftl"): Not found
[TestNG-tests-1] DEBUG freemarker.cache  - TemplateLoader.findTemplateSource("Extent.ftl"): Found
[TestNG-tests-1] DEBUG freemarker.cache  - Loading template for "Extent.ftl"("en_IN", UTF-8, parsed) from "jar:file:/C:/Users/sagar.sonar/.m2/repository/com/relevantcodes/extentreports/2.41.2/extentreports-2.41.2.jar!/com/relevantcodes/extentreports/view/Extent.ftl"
[TestNG-tests-1] DEBUG freemarker.cache  - Couldn't find template in cache for "Extent.ftl"("en_IN", UTF-8, parsed); will try to load it.
[TestNG-tests-1] DEBUG freemarker.cache  - TemplateLoader.findTemplateSource("Extent_en_IN.ftl"): Not found
[TestNG-tests-1] DEBUG freemarker.cache  - TemplateLoader.findTemplateSource("Extent_en.ftl"): Not found
[TestNG-tests-1] DEBUG freemarker.cache  - TemplateLoader.findTemplateSource("Extent.ftl"): Found
[TestNG-tests-1] DEBUG freemarker.cache  - Loading template for "Extent.ftl"("en_IN", UTF-8, parsed) from "jar:file:/C:/Users/sagar.sonar/.m2/repository/com/relevantcodes/extentreports/2.41.2/extentreports-2.41.2.jar!/com/relevantcodes/extentreports/view/Extent.ftl"
[TestNG-tests-1] DEBUG freemarker.cache  - Couldn't find template in cache for "Extent.ftl"("en_IN", UTF-8, parsed); will try to load it.
[TestNG-tests-1] DEBUG freemarker.cache  - TemplateLoader.findTemplateSource("Extent_en_IN.ftl"): Not found
[TestNG-tests-1] DEBUG freemarker.cache  - TemplateLoader.findTemplateSource("Extent_en.ftl"): Not found
[TestNG-tests-1] DEBUG freemarker.cache  - TemplateLoader.findTemplateSource("Extent.ftl"): Found
[TestNG-tests-1] DEBUG freemarker.cache  - Loading template for "Extent.ftl"("en_IN", UTF-8, parsed) from "jar:file:/C:/Users/sagar.sonar/.m2/repository/com/relevantcodes/extentreports/2.41.2/extentreports-2.41.2.jar!/com/relevantcodes/extentreports/view/Extent.ftl"
[TestNG-tests-1] DEBUG freemarker.cache  - Couldn't find template in cache for "Extent.ftl"("en_IN", UTF-8, parsed); will try to load it.
[TestNG-tests-1] DEBUG freemarker.cache  - TemplateLoader.findTemplateSource("Extent_en_IN.ftl"): Not found
[TestNG-tests-1] DEBUG freemarker.cache  - TemplateLoader.findTemplateSource("Extent_en.ftl"): Not found
[TestNG-tests-1] DEBUG freemarker.cache  - TemplateLoader.findTemplateSource("Extent.ftl"): Found
[TestNG-tests-1] DEBUG freemarker.cache  - Loading template for "Extent.ftl"("en_IN", UTF-8, parsed) from "jar:file:/C:/Users/sagar.sonar/.m2/repository/com/relevantcodes/extentreports/2.41.2/extentreports-2.41.2.jar!/com/relevantcodes/extentreports/view/Extent.ftl"
[TestNG-tests-1] DEBUG freemarker.cache  - Couldn't find template in cache for "Extent.ftl"("en_IN", UTF-8, parsed); will try to load it.
[TestNG-tests-1] DEBUG freemarker.cache  - TemplateLoader.findTemplateSource("Extent_en_IN.ftl"): Not found
[TestNG-tests-1] DEBUG freemarker.cache  - TemplateLoader.findTemplateSource("Extent_en.ftl"): Not found
[TestNG-tests-1] DEBUG freemarker.cache  - TemplateLoader.findTemplateSource("Extent.ftl"): Found
[TestNG-tests-1] DEBUG freemarker.cache  - Loading template for "Extent.ftl"("en_IN", UTF-8, parsed) from "jar:file:/C:/Users/sagar.sonar/.m2/repository/com/relevantcodes/extentreports/2.41.2/extentreports-2.41.2.jar!/com/relevantcodes/extentreports/view/Extent.ftl"
[TestNG-tests-1] DEBUG freemarker.cache  - Couldn't find template in cache for "Extent.ftl"("en_IN", UTF-8, parsed); will try to load it.
[TestNG-tests-1] DEBUG freemarker.cache  - TemplateLoader.findTemplateSource("Extent_en_IN.ftl"): Not found
[TestNG-tests-1] DEBUG freemarker.cache  - TemplateLoader.findTemplateSource("Extent_en.ftl"): Not found
[TestNG-tests-1] DEBUG freemarker.cache  - TemplateLoader.findTemplateSource("Extent.ftl"): Found
[TestNG-tests-1] DEBUG freemarker.cache  - Loading template for "Extent.ftl"("en_IN", UTF-8, parsed) from "jar:file:/C:/Users/sagar.sonar/.m2/repository/com/relevantcodes/extentreports/2.41.2/extentreports-2.41.2.jar!/com/relevantcodes/extentreports/view/Extent.ftl"
[TestNG-tests-1] DEBUG freemarker.cache  - Couldn't find template in cache for "Extent.ftl"("en_IN", UTF-8, parsed); will try to load it.
[TestNG-tests-1] DEBUG freemarker.cache  - TemplateLoader.findTemplateSource("Extent_en_IN.ftl"): Not found
[TestNG-tests-1] DEBUG freemarker.cache  - TemplateLoader.findTemplateSource("Extent_en.ftl"): Not found
[TestNG-tests-1] DEBUG freemarker.cache  - TemplateLoader.findTemplateSource("Extent.ftl"): Found
[TestNG-tests-1] DEBUG freemarker.cache  - Loading template for "Extent.ftl"("en_IN", UTF-8, parsed) from "jar:file:/C:/Users/sagar.sonar/.m2/repository/com/relevantcodes/extentreports/2.41.2/extentreports-2.41.2.jar!/com/relevantcodes/extentreports/view/Extent.ftl"
[TestNG-tests-1] DEBUG freemarker.cache  - Couldn't find template in cache for "Extent.ftl"("en_IN", UTF-8, parsed); will try to load it.
[TestNG-tests-1] DEBUG freemarker.cache  - TemplateLoader.findTemplateSource("Extent_en_IN.ftl"): Not found
[TestNG-tests-1] DEBUG freemarker.cache  - TemplateLoader.findTemplateSource("Extent_en.ftl"): Not found
[TestNG-tests-1] DEBUG freemarker.cache  - TemplateLoader.findTemplateSource("Extent.ftl"): Found
[TestNG-tests-1] DEBUG freemarker.cache  - Loading template for "Extent.ftl"("en_IN", UTF-8, parsed) from "jar:file:/C:/Users/sagar.sonar/.m2/repository/com/relevantcodes/extentreports/2.41.2/extentreports-2.41.2.jar!/com/relevantcodes/extentreports/view/Extent.ftl"
[TestNG-tests-1] DEBUG freemarker.cache  - Couldn't find template in cache for "Extent.ftl"("en_IN", UTF-8, parsed); will try to load it.
[TestNG-tests-1] DEBUG freemarker.cache  - TemplateLoader.findTemplateSource("Extent_en_IN.ftl"): Not found
[TestNG-tests-1] DEBUG freemarker.cache  - TemplateLoader.findTemplateSource("Extent_en.ftl"): Not found
[TestNG-tests-1] DEBUG freemarker.cache  - TemplateLoader.findTemplateSource("Extent.ftl"): Found
[TestNG-tests-1] DEBUG freemarker.cache  - Loading template for "Extent.ftl"("en_IN", UTF-8, parsed) from "jar:file:/C:/Users/sagar.sonar/.m2/repository/com/relevantcodes/extentreports/2.41.2/extentreports-2.41.2.jar!/com/relevantcodes/extentreports/view/Extent.ftl"
[TestNG-tests-1] DEBUG freemarker.cache  - Couldn't find template in cache for "Extent.ftl"("en_IN", UTF-8, parsed); will try to load it.
[TestNG-tests-1] DEBUG freemarker.cache  - TemplateLoader.findTemplateSource("Extent_en_IN.ftl"): Not found
[TestNG-tests-1] DEBUG freemarker.cache  - TemplateLoader.findTemplateSource("Extent_en.ftl"): Not found
[TestNG-tests-1] DEBUG freemarker.cache  - TemplateLoader.findTemplateSource("Extent.ftl"): Found
[TestNG-tests-1] DEBUG freemarker.cache  - Loading template for "Extent.ftl"("en_IN", UTF-8, parsed) from "jar:file:/C:/Users/sagar.sonar/.m2/repository/com/relevantcodes/extentreports/2.41.2/extentreports-2.41.2.jar!/com/relevantcodes/extentreports/view/Extent.ftl"
[TestNG-tests-1] DEBUG freemarker.cache  - Couldn't find template in cache for "Extent.ftl"("en_IN", UTF-8, parsed); will try to load it.
[TestNG-tests-1] DEBUG freemarker.cache  - TemplateLoader.findTemplateSource("Extent_en_IN.ftl"): Not found
[TestNG-tests-1] DEBUG freemarker.cache  - TemplateLoader.findTemplateSource("Extent_en.ftl"): Not found
[TestNG-tests-1] DEBUG freemarker.cache  - TemplateLoader.findTemplateSource("Extent.ftl"): Found
[TestNG-tests-1] DEBUG freemarker.cache  - Loading template for "Extent.ftl"("en_IN", UTF-8, parsed) from "jar:file:/C:/Users/sagar.sonar/.m2/repository/com/relevantcodes/extentreports/2.41.2/extentreports-2.41.2.jar!/com/relevantcodes/extentreports/view/Extent.ftl"
[TestNG-tests-1] DEBUG freemarker.cache  - Couldn't find template in cache for "Extent.ftl"("en_IN", UTF-8, parsed); will try to load it.
[TestNG-tests-1] DEBUG freemarker.cache  - TemplateLoader.findTemplateSource("Extent_en_IN.ftl"): Not found
[TestNG-tests-1] DEBUG freemarker.cache  - TemplateLoader.findTemplateSource("Extent_en.ftl"): Not found
[TestNG-tests-1] DEBUG freemarker.cache  - TemplateLoader.findTemplateSource("Extent.ftl"): Found
[TestNG-tests-1] DEBUG freemarker.cache  - Loading template for "Extent.ftl"("en_IN", UTF-8, parsed) from "jar:file:/C:/Users/sagar.sonar/.m2/repository/com/relevantcodes/extentreports/2.41.2/extentreports-2.41.2.jar!/com/relevantcodes/extentreports/view/Extent.ftl"
[TestNG-tests-1] DEBUG freemarker.cache  - Couldn't find template in cache for "Extent.ftl"("en_IN", UTF-8, parsed); will try to load it.
[TestNG-tests-1] DEBUG freemarker.cache  - TemplateLoader.findTemplateSource("Extent_en_IN.ftl"): Not found
[TestNG-tests-1] DEBUG freemarker.cache  - TemplateLoader.findTemplateSource("Extent_en.ftl"): Not found
[TestNG-tests-1] DEBUG freemarker.cache  - TemplateLoader.findTemplateSource("Extent.ftl"): Found
[TestNG-tests-1] DEBUG freemarker.cache  - Loading template for "Extent.ftl"("en_IN", UTF-8, parsed) from "jar:file:/C:/Users/sagar.sonar/.m2/repository/com/relevantcodes/extentreports/2.41.2/extentreports-2.41.2.jar!/com/relevantcodes/extentreports/view/Extent.ftl"
[TestNG-tests-1] DEBUG freemarker.cache  - Couldn't find template in cache for "Extent.ftl"("en_IN", UTF-8, parsed); will try to load it.
[TestNG-tests-1] DEBUG freemarker.cache  - TemplateLoader.findTemplateSource("Extent_en_IN.ftl"): Not found
[TestNG-tests-1] DEBUG freemarker.cache  - TemplateLoader.findTemplateSource("Extent_en.ftl"): Not found
[TestNG-tests-1] DEBUG freemarker.cache  - TemplateLoader.findTemplateSource("Extent.ftl"): Found
[TestNG-tests-1] DEBUG freemarker.cache  - Loading template for "Extent.ftl"("en_IN", UTF-8, parsed) from "jar:file:/C:/Users/sagar.sonar/.m2/repository/com/relevantcodes/extentreports/2.41.2/extentreports-2.41.2.jar!/com/relevantcodes/extentreports/view/Extent.ftl"
[TestNG-tests-1] DEBUG freemarker.cache  - Couldn't find template in cache for "Extent.ftl"("en_IN", UTF-8, parsed); will try to load it.
[TestNG-tests-1] DEBUG freemarker.cache  - TemplateLoader.findTemplateSource("Extent_en_IN.ftl"): Not found
[TestNG-tests-1] DEBUG freemarker.cache  - TemplateLoader.findTemplateSource("Extent_en.ftl"): Not found
[TestNG-tests-1] DEBUG freemarker.cache  - TemplateLoader.findTemplateSource("Extent.ftl"): Found
[TestNG-tests-1] DEBUG freemarker.cache  - Loading template for "Extent.ftl"("en_IN", UTF-8, parsed) from "jar:file:/C:/Users/sagar.sonar/.m2/repository/com/relevantcodes/extentreports/2.41.2/extentreports-2.41.2.jar!/com/relevantcodes/extentreports/view/Extent.ftl"
[TestNG-tests-1] DEBUG freemarker.cache  - Couldn't find template in cache for "Extent.ftl"("en_IN", UTF-8, parsed); will try to load it.
[TestNG-tests-1] DEBUG freemarker.cache  - TemplateLoader.findTemplateSource("Extent_en_IN.ftl"): Not found
[TestNG-tests-1] DEBUG freemarker.cache  - TemplateLoader.findTemplateSource("Extent_en.ftl"): Not found
[TestNG-tests-1] DEBUG freemarker.cache  - TemplateLoader.findTemplateSource("Extent.ftl"): Found
[TestNG-tests-1] DEBUG freemarker.cache  - Loading template for "Extent.ftl"("en_IN", UTF-8, parsed) from "jar:file:/C:/Users/sagar.sonar/.m2/repository/com/relevantcodes/extentreports/2.41.2/extentreports-2.41.2.jar!/com/relevantcodes/extentreports/view/Extent.ftl"
[TestNG-tests-1] DEBUG freemarker.cache  - Couldn't find template in cache for "Extent.ftl"("en_IN", UTF-8, parsed); will try to load it.
[TestNG-tests-1] DEBUG freemarker.cache  - TemplateLoader.findTemplateSource("Extent_en_IN.ftl"): Not found
[TestNG-tests-1] DEBUG freemarker.cache  - TemplateLoader.findTemplateSource("Extent_en.ftl"): Not found
[TestNG-tests-1] DEBUG freemarker.cache  - TemplateLoader.findTemplateSource("Extent.ftl"): Found
[TestNG-tests-1] DEBUG freemarker.cache  - Loading template for "Extent.ftl"("en_IN", UTF-8, parsed) from "jar:file:/C:/Users/sagar.sonar/.m2/repository/com/relevantcodes/extentreports/2.41.2/extentreports-2.41.2.jar!/com/relevantcodes/extentreports/view/Extent.ftl"
[TestNG-tests-1] DEBUG freemarker.cache  - Couldn't find template in cache for "Extent.ftl"("en_IN", UTF-8, parsed); will try to load it.
[TestNG-tests-1] DEBUG freemarker.cache  - TemplateLoader.findTemplateSource("Extent_en_IN.ftl"): Not found
[TestNG-tests-1] DEBUG freemarker.cache  - TemplateLoader.findTemplateSource("Extent_en.ftl"): Not found
[TestNG-tests-1] DEBUG freemarker.cache  - TemplateLoader.findTemplateSource("Extent.ftl"): Found
[TestNG-tests-1] DEBUG freemarker.cache  - Loading template for "Extent.ftl"("en_IN", UTF-8, parsed) from "jar:file:/C:/Users/sagar.sonar/.m2/repository/com/relevantcodes/extentreports/2.41.2/extentreports-2.41.2.jar!/com/relevantcodes/extentreports/view/Extent.ftl"
[TestNG-tests-1] DEBUG freemarker.cache  - Couldn't find template in cache for "Extent.ftl"("en_IN", UTF-8, parsed); will try to load it.
[TestNG-tests-1] DEBUG freemarker.cache  - TemplateLoader.findTemplateSource("Extent_en_IN.ftl"): Not found
[TestNG-tests-1] DEBUG freemarker.cache  - TemplateLoader.findTemplateSource("Extent_en.ftl"): Not found
[TestNG-tests-1] DEBUG freemarker.cache  - TemplateLoader.findTemplateSource("Extent.ftl"): Found
[TestNG-tests-1] DEBUG freemarker.cache  - Loading template for "Extent.ftl"("en_IN", UTF-8, parsed) from "jar:file:/C:/Users/sagar.sonar/.m2/repository/com/relevantcodes/extentreports/2.41.2/extentreports-2.41.2.jar!/com/relevantcodes/extentreports/view/Extent.ftl"
[TestNG-tests-1] DEBUG freemarker.cache  - Couldn't find template in cache for "Extent.ftl"("en_IN", UTF-8, parsed); will try to load it.
[TestNG-tests-1] DEBUG freemarker.cache  - TemplateLoader.findTemplateSource("Extent_en_IN.ftl"): Not found
[TestNG-tests-1] DEBUG freemarker.cache  - TemplateLoader.findTemplateSource("Extent_en.ftl"): Not found
[TestNG-tests-1] DEBUG freemarker.cache  - TemplateLoader.findTemplateSource("Extent.ftl"): Found
[TestNG-tests-1] DEBUG freemarker.cache  - Loading template for "Extent.ftl"("en_IN", UTF-8, parsed) from "jar:file:/C:/Users/sagar.sonar/.m2/repository/com/relevantcodes/extentreports/2.41.2/extentreports-2.41.2.jar!/com/relevantcodes/extentreports/view/Extent.ftl"
[TestNG-tests-1] DEBUG freemarker.cache  - Couldn't find template in cache for "Extent.ftl"("en_IN", UTF-8, parsed); will try to load it.
[TestNG-tests-1] DEBUG freemarker.cache  - TemplateLoader.findTemplateSource("Extent_en_IN.ftl"): Not found
[TestNG-tests-1] DEBUG freemarker.cache  - TemplateLoader.findTemplateSource("Extent_en.ftl"): Not found
[TestNG-tests-1] DEBUG freemarker.cache  - TemplateLoader.findTemplateSource("Extent.ftl"): Found
[TestNG-tests-1] DEBUG freemarker.cache  - Loading template for "Extent.ftl"("en_IN", UTF-8, parsed) from "jar:file:/C:/Users/sagar.sonar/.m2/repository/com/relevantcodes/extentreports/2.41.2/extentreports-2.41.2.jar!/com/relevantcodes/extentreports/view/Extent.ftl"
[TestNG-tests-1] DEBUG freemarker.cache  - Couldn't find template in cache for "Extent.ftl"("en_IN", UTF-8, parsed); will try to load it.
[TestNG-tests-1] DEBUG freemarker.cache  - TemplateLoader.findTemplateSource("Extent_en_IN.ftl"): Not found
[TestNG-tests-1] DEBUG freemarker.cache  - TemplateLoader.findTemplateSource("Extent_en.ftl"): Not found
[TestNG-tests-1] DEBUG freemarker.cache  - TemplateLoader.findTemplateSource("Extent.ftl"): Found
[TestNG-tests-1] DEBUG freemarker.cache  - Loading template for "Extent.ftl"("en_IN", UTF-8, parsed) from "jar:file:/C:/Users/sagar.sonar/.m2/repository/com/relevantcodes/extentreports/2.41.2/extentreports-2.41.2.jar!/com/relevantcodes/extentreports/view/Extent.ftl"
[TestNG-tests-1] DEBUG freemarker.cache  - Couldn't find template in cache for "Extent.ftl"("en_IN", UTF-8, parsed); will try to load it.
[TestNG-tests-1] DEBUG freemarker.cache  - TemplateLoader.findTemplateSource("Extent_en_IN.ftl"): Not found
[TestNG-tests-1] DEBUG freemarker.cache  - TemplateLoader.findTemplateSource("Extent_en.ftl"): Not found
[TestNG-tests-1] DEBUG freemarker.cache  - TemplateLoader.findTemplateSource("Extent.ftl"): Found
[TestNG-tests-1] DEBUG freemarker.cache  - Loading template for "Extent.ftl"("en_IN", UTF-8, parsed) from "jar:file:/C:/Users/sagar.sonar/.m2/repository/com/relevantcodes/extentreports/2.41.2/extentreports-2.41.2.jar!/com/relevantcodes/extentreports/view/Extent.ftl"
[TestNG-tests-1] DEBUG freemarker.cache  - Couldn't find template in cache for "Extent.ftl"("en_IN", UTF-8, parsed); will try to load it.
[TestNG-tests-1] DEBUG freemarker.cache  - TemplateLoader.findTemplateSource("Extent_en_IN.ftl"): Not found
[TestNG-tests-1] DEBUG freemarker.cache  - TemplateLoader.findTemplateSource("Extent_en.ftl"): Not found
[TestNG-tests-1] DEBUG freemarker.cache  - TemplateLoader.findTemplateSource("Extent.ftl"): Found
[TestNG-tests-1] DEBUG freemarker.cache  - Loading template for "Extent.ftl"("en_IN", UTF-8, parsed) from "jar:file:/C:/Users/sagar.sonar/.m2/repository/com/relevantcodes/extentreports/2.41.2/extentreports-2.41.2.jar!/com/relevantcodes/extentreports/view/Extent.ftl"
[TestNG-tests-1] DEBUG freemarker.cache  - Couldn't find template in cache for "Extent.ftl"("en_IN", UTF-8, parsed); will try to load it.
[TestNG-tests-1] DEBUG freemarker.cache  - TemplateLoader.findTemplateSource("Extent_en_IN.ftl"): Not found
[TestNG-tests-1] DEBUG freemarker.cache  - TemplateLoader.findTemplateSource("Extent_en.ftl"): Not found
[TestNG-tests-1] DEBUG freemarker.cache  - TemplateLoader.findTemplateSource("Extent.ftl"): Found
[TestNG-tests-1] DEBUG freemarker.cache  - Loading template for "Extent.ftl"("en_IN", UTF-8, parsed) from "jar:file:/C:/Users/sagar.sonar/.m2/repository/com/relevantcodes/extentreports/2.41.2/extentreports-2.41.2.jar!/com/relevantcodes/extentreports/view/Extent.ftl"
[TestNG-tests-1] DEBUG freemarker.cache  - Couldn't find template in cache for "Extent.ftl"("en_IN", UTF-8, parsed); will try to load it.
[TestNG-tests-1] DEBUG freemarker.cache  - TemplateLoader.findTemplateSource("Extent_en_IN.ftl"): Not found
[TestNG-tests-1] DEBUG freemarker.cache  - TemplateLoader.findTemplateSource("Extent_en.ftl"): Not found
[TestNG-tests-1] DEBUG freemarker.cache  - TemplateLoader.findTemplateSource("Extent.ftl"): Found
[TestNG-tests-1] DEBUG freemarker.cache  - Loading template for "Extent.ftl"("en_IN", UTF-8, parsed) from "jar:file:/C:/Users/sagar.sonar/.m2/repository/com/relevantcodes/extentreports/2.41.2/extentreports-2.41.2.jar!/com/relevantcodes/extentreports/view/Extent.ftl"
[TestNG-tests-1] DEBUG freemarker.cache  - Couldn't find template in cache for "Extent.ftl"("en_IN", UTF-8, parsed); will try to load it.
[TestNG-tests-1] DEBUG freemarker.cache  - TemplateLoader.findTemplateSource("Extent_en_IN.ftl"): Not found
[TestNG-tests-1] DEBUG freemarker.cache  - TemplateLoader.findTemplateSource("Extent_en.ftl"): Not found
[TestNG-tests-1] DEBUG freemarker.cache  - TemplateLoader.findTemplateSource("Extent.ftl"): Found
[TestNG-tests-1] DEBUG freemarker.cache  - Loading template for "Extent.ftl"("en_IN", UTF-8, parsed) from "jar:file:/C:/Users/sagar.sonar/.m2/repository/com/relevantcodes/extentreports/2.41.2/extentreports-2.41.2.jar!/com/relevantcodes/extentreports/view/Extent.ftl"
[TestNG-tests-1] DEBUG freemarker.cache  - Couldn't find template in cache for "Extent.ftl"("en_IN", UTF-8, parsed); will try to load it.
[TestNG-tests-1] DEBUG freemarker.cache  - TemplateLoader.findTemplateSource("Extent_en_IN.ftl"): Not found
[TestNG-tests-1] DEBUG freemarker.cache  - TemplateLoader.findTemplateSource("Extent_en.ftl"): Not found
[TestNG-tests-1] DEBUG freemarker.cache  - TemplateLoader.findTemplateSource("Extent.ftl"): Found
[TestNG-tests-1] DEBUG freemarker.cache  - Loading template for "Extent.ftl"("en_IN", UTF-8, parsed) from "jar:file:/C:/Users/sagar.sonar/.m2/repository/com/relevantcodes/extentreports/2.41.2/extentreports-2.41.2.jar!/com/relevantcodes/extentreports/view/Extent.ftl"
[TestNG-tests-1] DEBUG freemarker.cache  - Couldn't find template in cache for "Extent.ftl"("en_IN", UTF-8, parsed); will try to load it.
[TestNG-tests-1] DEBUG freemarker.cache  - TemplateLoader.findTemplateSource("Extent_en_IN.ftl"): Not found
[TestNG-tests-1] DEBUG freemarker.cache  - TemplateLoader.findTemplateSource("Extent_en.ftl"): Not found
[TestNG-tests-1] DEBUG freemarker.cache  - TemplateLoader.findTemplateSource("Extent.ftl"): Found
[TestNG-tests-1] DEBUG freemarker.cache  - Loading template for "Extent.ftl"("en_IN", UTF-8, parsed) from "jar:file:/C:/Users/sagar.sonar/.m2/repository/com/relevantcodes/extentreports/2.41.2/extentreports-2.41.2.jar!/com/relevantcodes/extentreports/view/Extent.ftl"
[TestNG-tests-1] DEBUG freemarker.cache  - Couldn't find template in cache for "Extent.ftl"("en_IN", UTF-8, parsed); will try to load it.
[TestNG-tests-1] DEBUG freemarker.cache  - TemplateLoader.findTemplateSource("Extent_en_IN.ftl"): Not found
[TestNG-tests-1] DEBUG freemarker.cache  - TemplateLoader.findTemplateSource("Extent_en.ftl"): Not found
[TestNG-tests-1] DEBUG freemarker.cache  - TemplateLoader.findTemplateSource("Extent.ftl"): Found
[TestNG-tests-1] DEBUG freemarker.cache  - Loading template for "Extent.ftl"("en_IN", UTF-8, parsed) from "jar:file:/C:/Users/sagar.sonar/.m2/repository/com/relevantcodes/extentreports/2.41.2/extentreports-2.41.2.jar!/com/relevantcodes/extentreports/view/Extent.ftl"
[TestNG-tests-1] DEBUG freemarker.cache  - Couldn't find template in cache for "Extent.ftl"("en_IN", UTF-8, parsed); will try to load it.
[TestNG-tests-1] DEBUG freemarker.cache  - TemplateLoader.findTemplateSource("Extent_en_IN.ftl"): Not found
[TestNG-tests-1] DEBUG freemarker.cache  - TemplateLoader.findTemplateSource("Extent_en.ftl"): Not found
[TestNG-tests-1] DEBUG freemarker.cache  - TemplateLoader.findTemplateSource("Extent.ftl"): Found
[TestNG-tests-1] DEBUG freemarker.cache  - Loading template for "Extent.ftl"("en_IN", UTF-8, parsed) from "jar:file:/C:/Users/sagar.sonar/.m2/repository/com/relevantcodes/extentreports/2.41.2/extentreports-2.41.2.jar!/com/relevantcodes/extentreports/view/Extent.ftl"
[TestNG-tests-1] DEBUG freemarker.cache  - Couldn't find template in cache for "Extent.ftl"("en_IN", UTF-8, parsed); will try to load it.
[TestNG-tests-1] DEBUG freemarker.cache  - TemplateLoader.findTemplateSource("Extent_en_IN.ftl"): Not found
[TestNG-tests-1] DEBUG freemarker.cache  - TemplateLoader.findTemplateSource("Extent_en.ftl"): Not found
[TestNG-tests-1] DEBUG freemarker.cache  - TemplateLoader.findTemplateSource("Extent.ftl"): Found
[TestNG-tests-1] DEBUG freemarker.cache  - Loading template for "Extent.ftl"("en_IN", UTF-8, parsed) from "jar:file:/C:/Users/sagar.sonar/.m2/repository/com/relevantcodes/extentreports/2.41.2/extentreports-2.41.2.jar!/com/relevantcodes/extentreports/view/Extent.ftl"
[TestNG-tests-1] DEBUG freemarker.cache  - Couldn't find template in cache for "Extent.ftl"("en_IN", UTF-8, parsed); will try to load it.
[TestNG-tests-1] DEBUG freemarker.cache  - TemplateLoader.findTemplateSource("Extent_en_IN.ftl"): Not found
[TestNG-tests-1] DEBUG freemarker.cache  - TemplateLoader.findTemplateSource("Extent_en.ftl"): Not found
[TestNG-tests-1] DEBUG freemarker.cache  - TemplateLoader.findTemplateSource("Extent.ftl"): Found
[TestNG-tests-1] DEBUG freemarker.cache  - Loading template for "Extent.ftl"("en_IN", UTF-8, parsed) from "jar:file:/C:/Users/sagar.sonar/.m2/repository/com/relevantcodes/extentreports/2.41.2/extentreports-2.41.2.jar!/com/relevantcodes/extentreports/view/Extent.ftl"
[TestNG-tests-1] DEBUG freemarker.cache  - Couldn't find template in cache for "Extent.ftl"("en_IN", UTF-8, parsed); will try to load it.
[TestNG-tests-1] DEBUG freemarker.cache  - TemplateLoader.findTemplateSource("Extent_en_IN.ftl"): Not found
[TestNG-tests-1] DEBUG freemarker.cache  - TemplateLoader.findTemplateSource("Extent_en.ftl"): Not found
[TestNG-tests-1] DEBUG freemarker.cache  - TemplateLoader.findTemplateSource("Extent.ftl"): Found
[TestNG-tests-1] DEBUG freemarker.cache  - Loading template for "Extent.ftl"("en_IN", UTF-8, parsed) from "jar:file:/C:/Users/sagar.sonar/.m2/repository/com/relevantcodes/extentreports/2.41.2/extentreports-2.41.2.jar!/com/relevantcodes/extentreports/view/Extent.ftl"
[TestNG-tests-1] DEBUG freemarker.cache  - Couldn't find template in cache for "Extent.ftl"("en_IN", UTF-8, parsed); will try to load it.
[TestNG-tests-1] DEBUG freemarker.cache  - TemplateLoader.findTemplateSource("Extent_en_IN.ftl"): Not found
[TestNG-tests-1] DEBUG freemarker.cache  - TemplateLoader.findTemplateSource("Extent_en.ftl"): Not found
[TestNG-tests-1] DEBUG freemarker.cache  - TemplateLoader.findTemplateSource("Extent.ftl"): Found
[TestNG-tests-1] DEBUG freemarker.cache  - Loading template for "Extent.ftl"("en_IN", UTF-8, parsed) from "jar:file:/C:/Users/sagar.sonar/.m2/repository/com/relevantcodes/extentreports/2.41.2/extentreports-2.41.2.jar!/com/relevantcodes/extentreports/view/Extent.ftl"
[TestNG-tests-1] DEBUG freemarker.cache  - Couldn't find template in cache for "Extent.ftl"("en_IN", UTF-8, parsed); will try to load it.
[TestNG-tests-1] DEBUG freemarker.cache  - TemplateLoader.findTemplateSource("Extent_en_IN.ftl"): Not found
[TestNG-tests-1] DEBUG freemarker.cache  - TemplateLoader.findTemplateSource("Extent_en.ftl"): Not found
[TestNG-tests-1] DEBUG freemarker.cache  - TemplateLoader.findTemplateSource("Extent.ftl"): Found
[TestNG-tests-1] DEBUG freemarker.cache  - Loading template for "Extent.ftl"("en_IN", UTF-8, parsed) from "jar:file:/C:/Users/sagar.sonar/.m2/repository/com/relevantcodes/extentreports/2.41.2/extentreports-2.41.2.jar!/com/relevantcodes/extentreports/view/Extent.ftl"
[TestNG-tests-1] DEBUG freemarker.cache  - Couldn't find template in cache for "Extent.ftl"("en_IN", UTF-8, parsed); will try to load it.
[TestNG-tests-1] DEBUG freemarker.cache  - TemplateLoader.findTemplateSource("Extent_en_IN.ftl"): Not found
[TestNG-tests-1] DEBUG freemarker.cache  - TemplateLoader.findTemplateSource("Extent_en.ftl"): Not found
[TestNG-tests-1] DEBUG freemarker.cache  - TemplateLoader.findTemplateSource("Extent.ftl"): Found
[TestNG-tests-1] DEBUG freemarker.cache  - Loading template for "Extent.ftl"("en_IN", UTF-8, parsed) from "jar:file:/C:/Users/sagar.sonar/.m2/repository/com/relevantcodes/extentreports/2.41.2/extentreports-2.41.2.jar!/com/relevantcodes/extentreports/view/Extent.ftl"
[TestNG-tests-1] DEBUG freemarker.cache  - Couldn't find template in cache for "Extent.ftl"("en_IN", UTF-8, parsed); will try to load it.
[TestNG-tests-1] DEBUG freemarker.cache  - TemplateLoader.findTemplateSource("Extent_en_IN.ftl"): Not found
[TestNG-tests-1] DEBUG freemarker.cache  - TemplateLoader.findTemplateSource("Extent_en.ftl"): Not found
[TestNG-tests-1] DEBUG freemarker.cache  - TemplateLoader.findTemplateSource("Extent.ftl"): Found
[TestNG-tests-1] DEBUG freemarker.cache  - Loading template for "Extent.ftl"("en_IN", UTF-8, parsed) from "jar:file:/C:/Users/sagar.sonar/.m2/repository/com/relevantcodes/extentreports/2.41.2/extentreports-2.41.2.jar!/com/relevantcodes/extentreports/view/Extent.ftl"
[TestNG-tests-1] DEBUG freemarker.cache  - Couldn't find template in cache for "Extent.ftl"("en_IN", UTF-8, parsed); will try to load it.
[TestNG-tests-1] DEBUG freemarker.cache  - TemplateLoader.findTemplateSource("Extent_en_IN.ftl"): Not found
[TestNG-tests-1] DEBUG freemarker.cache  - TemplateLoader.findTemplateSource("Extent_en.ftl"): Not found
[TestNG-tests-1] DEBUG freemarker.cache  - TemplateLoader.findTemplateSource("Extent.ftl"): Found
[TestNG-tests-1] DEBUG freemarker.cache  - Loading template for "Extent.ftl"("en_IN", UTF-8, parsed) from "jar:file:/C:/Users/sagar.sonar/.m2/repository/com/relevantcodes/extentreports/2.41.2/extentreports-2.41.2.jar!/com/relevantcodes/extentreports/view/Extent.ftl"
[TestNG-tests-1] DEBUG freemarker.cache  - Couldn't find template in cache for "Extent.ftl"("en_IN", UTF-8, parsed); will try to load it.
[TestNG-tests-1] DEBUG freemarker.cache  - TemplateLoader.findTemplateSource("Extent_en_IN.ftl"): Not found
[TestNG-tests-1] DEBUG freemarker.cache  - TemplateLoader.findTemplateSource("Extent_en.ftl"): Not found
[TestNG-tests-1] DEBUG freemarker.cache  - TemplateLoader.findTemplateSource("Extent.ftl"): Found
[TestNG-tests-1] DEBUG freemarker.cache  - Loading template for "Extent.ftl"("en_IN", UTF-8, parsed) from "jar:file:/C:/Users/sagar.sonar/.m2/repository/com/relevantcodes/extentreports/2.41.2/extentreports-2.41.2.jar!/com/relevantcodes/extentreports/view/Extent.ftl"
[TestNG-tests-1] DEBUG freemarker.cache  - Couldn't find template in cache for "Extent.ftl"("en_IN", UTF-8, parsed); will try to load it.
[TestNG-tests-1] DEBUG freemarker.cache  - TemplateLoader.findTemplateSource("Extent_en_IN.ftl"): Not found
[TestNG-tests-1] DEBUG freemarker.cache  - TemplateLoader.findTemplateSource("Extent_en.ftl"): Not found
[TestNG-tests-1] DEBUG freemarker.cache  - TemplateLoader.findTemplateSource("Extent.ftl"): Found
[TestNG-tests-1] DEBUG freemarker.cache  - Loading template for "Extent.ftl"("en_IN", UTF-8, parsed) from "jar:file:/C:/Users/sagar.sonar/.m2/repository/com/relevantcodes/extentreports/2.41.2/extentreports-2.41.2.jar!/com/relevantcodes/extentreports/view/Extent.ftl"
[TestNG-tests-1] DEBUG freemarker.cache  - Couldn't find template in cache for "Extent.ftl"("en_IN", UTF-8, parsed); will try to load it.
[TestNG-tests-1] DEBUG freemarker.cache  - TemplateLoader.findTemplateSource("Extent_en_IN.ftl"): Not found
[TestNG-tests-1] DEBUG freemarker.cache  - TemplateLoader.findTemplateSource("Extent_en.ftl"): Not found
[TestNG-tests-1] DEBUG freemarker.cache  - TemplateLoader.findTemplateSource("Extent.ftl"): Found
[TestNG-tests-1] DEBUG freemarker.cache  - Loading template for "Extent.ftl"("en_IN", UTF-8, parsed) from "jar:file:/C:/Users/sagar.sonar/.m2/repository/com/relevantcodes/extentreports/2.41.2/extentreports-2.41.2.jar!/com/relevantcodes/extentreports/view/Extent.ftl"
